#! /c/Source/iverilog-install/bin/vvp
:ivl_version "12.0 (devel)" "(s20150603-1110-g18392a46)";
:ivl_delay_selection "TYPICAL";
:vpi_time_precision - 10;
:vpi_module "C:\iverilog\lib\ivl\system.vpi";
:vpi_module "C:\iverilog\lib\ivl\vhdl_sys.vpi";
:vpi_module "C:\iverilog\lib\ivl\vhdl_textio.vpi";
:vpi_module "C:\iverilog\lib\ivl\v2005_math.vpi";
:vpi_module "C:\iverilog\lib\ivl\va_math.vpi";
S_0000012718a31cd0 .scope module, "PC_Adder" "PC_Adder" 2 409;
 .timescale 0 0;
    .port_info 0 /INPUT 32 "PC";
    .port_info 1 /OUTPUT 32 "PC_Next";
o0000012718a3a6c8 .functor BUFZ 32, C4<zzzzzzzzzzzzzzzzzzzzzzzzzzzzzzzz>; HiZ drive
v0000012718a2fea0_0 .net "PC", 31 0, o0000012718a3a6c8;  0 drivers
v0000012718a304e0_0 .net "PC_Next", 31 0, L_0000012718a9ae30;  1 drivers
L_0000012718a9c7b8 .functor BUFT 1, C4<00000000000000000000000000000100>, C4<0>, C4<0>, C4<0>;
v0000012718a30440_0 .net/2u *"_ivl_0", 31 0, L_0000012718a9c7b8;  1 drivers
L_0000012718a9ae30 .delay 32 (10000000000,10000000000,10000000000) L_0000012718a9ae30/d;
L_0000012718a9ae30/d .arith/sum 32, o0000012718a3a6c8, L_0000012718a9c7b8;
S_00000127188c5420 .scope module, "cpu_tb" "cpu_tb" 3 9;
 .timescale -9 -10;
v0000012718a96eb0_0 .net "ADDRESS", 7 0, L_0000012718af7400;  1 drivers
v0000012718a96cd0_0 .net "BUSYWAIT", 0 0, v0000012718a30800_0;  1 drivers
v0000012718a97db0_0 .var "CLK", 0 0;
v0000012718a98350_0 .net "INSTRUCTION", 31 0, L_0000012718a9c410;  1 drivers
v0000012718a97270_0 .net "MEM_ADDRESS", 5 0, v0000012718a306c0_0;  1 drivers
v0000012718a96e10_0 .net "MEM_BUSYWAIT", 0 0, v0000012718a98530_0;  1 drivers
v0000012718a97310_0 .net "MEM_IN", 31 0, v0000012718a309e0_0;  1 drivers
v0000012718a97c70_0 .net "MEM_OUT", 31 0, v0000012718a971d0_0;  1 drivers
v0000012718a980d0_0 .net "MEM_READ", 0 0, v0000012718a318e0_0;  1 drivers
v0000012718a973b0_0 .net "MEM_WRITE", 0 0, v0000012718a308a0_0;  1 drivers
v0000012718a97e50_0 .net "PC", 31 0, v0000012718a94890_0;  1 drivers
v0000012718a96c30_0 .net "READ", 0 0, v0000012718a94a70_0;  1 drivers
v0000012718a97f90_0 .net "READDATA", 7 0, v0000012718a30a80_0;  1 drivers
v0000012718a969b0_0 .var "RESET", 0 0;
v0000012718a98030_0 .net "WRITE", 0 0, v0000012718a94b10_0;  1 drivers
v0000012718a96ff0_0 .net "WRITEDATA", 7 0, L_0000012718af74e0;  1 drivers
v0000012718a98170_0 .net *"_ivl_0", 7 0, L_0000012718a9b470;  1 drivers
v0000012718a98490_0 .net *"_ivl_10", 7 0, L_0000012718a9acf0;  1 drivers
v0000012718a96d70_0 .net *"_ivl_12", 32 0, L_0000012718a9ab10;  1 drivers
L_0000012718a9c890 .functor BUFT 1, C4<0>, C4<0>, C4<0>, C4<0>;
v0000012718a97090_0 .net *"_ivl_15", 0 0, L_0000012718a9c890;  1 drivers
L_0000012718a9c8d8 .functor BUFT 1, C4<000000000000000000000000000000010>, C4<0>, C4<0>, C4<0>;
v0000012718a97450_0 .net/2u *"_ivl_16", 32 0, L_0000012718a9c8d8;  1 drivers
v0000012718a974f0_0 .net *"_ivl_18", 32 0, L_0000012718a9b330;  1 drivers
v0000012718a97590_0 .net *"_ivl_2", 32 0, L_0000012718a9c690;  1 drivers
v0000012718a976d0_0 .net *"_ivl_20", 7 0, L_0000012718a9aed0;  1 drivers
v0000012718a97770_0 .net *"_ivl_22", 32 0, L_0000012718a9ac50;  1 drivers
L_0000012718a9c920 .functor BUFT 1, C4<0>, C4<0>, C4<0>, C4<0>;
v0000012718a97810_0 .net *"_ivl_25", 0 0, L_0000012718a9c920;  1 drivers
L_0000012718a9c968 .functor BUFT 1, C4<000000000000000000000000000000001>, C4<0>, C4<0>, C4<0>;
v0000012718a9c2d0_0 .net/2u *"_ivl_26", 32 0, L_0000012718a9c968;  1 drivers
v0000012718a9ba10_0 .net *"_ivl_28", 32 0, L_0000012718a9b150;  1 drivers
v0000012718a9b8d0_0 .net *"_ivl_30", 7 0, L_0000012718a9b790;  1 drivers
L_0000012718a9c800 .functor BUFT 1, C4<0>, C4<0>, C4<0>, C4<0>;
v0000012718a9be70_0 .net *"_ivl_5", 0 0, L_0000012718a9c800;  1 drivers
L_0000012718a9c848 .functor BUFT 1, C4<000000000000000000000000000000011>, C4<0>, C4<0>, C4<0>;
v0000012718a9a930_0 .net/2u *"_ivl_6", 32 0, L_0000012718a9c848;  1 drivers
v0000012718a9c230_0 .net *"_ivl_8", 32 0, L_0000012718a9b510;  1 drivers
v0000012718a9c370 .array "instr_mem", 0 1023, 7 0;
L_0000012718a9b470 .array/port v0000012718a9c370, L_0000012718a9b510;
L_0000012718a9c690 .concat [ 32 1 0 0], v0000012718a94890_0, L_0000012718a9c800;
L_0000012718a9b510 .arith/sum 33, L_0000012718a9c690, L_0000012718a9c848;
L_0000012718a9acf0 .array/port v0000012718a9c370, L_0000012718a9b330;
L_0000012718a9ab10 .concat [ 32 1 0 0], v0000012718a94890_0, L_0000012718a9c890;
L_0000012718a9b330 .arith/sum 33, L_0000012718a9ab10, L_0000012718a9c8d8;
L_0000012718a9aed0 .array/port v0000012718a9c370, L_0000012718a9b150;
L_0000012718a9ac50 .concat [ 32 1 0 0], v0000012718a94890_0, L_0000012718a9c920;
L_0000012718a9b150 .arith/sum 33, L_0000012718a9ac50, L_0000012718a9c968;
L_0000012718a9b790 .array/port v0000012718a9c370, v0000012718a94890_0;
L_0000012718a9c410 .delay 32 (20,20,20) L_0000012718a9c410/d;
L_0000012718a9c410/d .concat [ 8 8 8 8], L_0000012718a9b790, L_0000012718a9aed0, L_0000012718a9acf0, L_0000012718a9b470;
S_00000127188c55b0 .scope module, "mycache" "dcache" 3 62, 4 13 0, S_00000127188c5420;
 .timescale -9 -10;
    .port_info 0 /INPUT 1 "clk";
    .port_info 1 /INPUT 1 "read";
    .port_info 2 /INPUT 1 "write";
    .port_info 3 /INPUT 1 "reset";
    .port_info 4 /OUTPUT 1 "busywait";
    .port_info 5 /OUTPUT 1 "mem_read";
    .port_info 6 /OUTPUT 1 "mem_write";
    .port_info 7 /OUTPUT 32 "mem_writedata";
    .port_info 8 /OUTPUT 6 "mem_address";
    .port_info 9 /OUTPUT 8 "readdata";
    .port_info 10 /INPUT 1 "mem_busywait";
    .port_info 11 /INPUT 32 "mem_readdata";
    .port_info 12 /INPUT 8 "address";
    .port_info 13 /INPUT 8 "writedata";
P_0000012718949700 .param/l "IDLE" 0 4 163, C4<000>;
P_0000012718949738 .param/l "MEM_READ" 0 4 163, C4<001>;
P_0000012718949770 .param/l "MEM_WRITE" 0 4 163, C4<010>;
v0000012718a2fcc0_0 .net *"_ivl_12", 0 0, L_0000012718af8110;  1 drivers
v0000012718a2ff40_0 .net *"_ivl_20", 31 0, L_0000012718af9010;  1 drivers
v0000012718a30ee0_0 .net *"_ivl_22", 4 0, L_0000012718af9a10;  1 drivers
L_0000012718a9cad0 .functor BUFT 1, C4<00>, C4<0>, C4<0>, C4<0>;
v0000012718a30f80_0 .net *"_ivl_25", 1 0, L_0000012718a9cad0;  1 drivers
v0000012718a30580_0 .net "address", 7 0, L_0000012718af7400;  alias, 1 drivers
v0000012718a30800_0 .var "busywait", 0 0;
v0000012718a312a0 .array "cache", 0 7, 31 0;
v0000012718a30760_0 .var "checkhit", 0 0;
v0000012718a2ffe0_0 .net "clk", 0 0, v0000012718a97db0_0;  1 drivers
v0000012718a31700_0 .var "dirty", 0 0;
v0000012718a31480_0 .var "dirtybits", 7 0;
v0000012718a30080_0 .var "hit", 0 0;
v0000012718a30620_0 .net "index", 2 0, L_0000012718af84d0;  1 drivers
v0000012718a306c0_0 .var "mem_address", 5 0;
v0000012718a31520_0 .net "mem_busywait", 0 0, v0000012718a98530_0;  alias, 1 drivers
v0000012718a318e0_0 .var "mem_read", 0 0;
v0000012718a31160_0 .net "mem_readdata", 31 0, v0000012718a971d0_0;  alias, 1 drivers
v0000012718a308a0_0 .var "mem_write", 0 0;
v0000012718a309e0_0 .var "mem_writedata", 31 0;
v0000012718a315c0_0 .var "next_state", 2 0;
v0000012718a30940_0 .net "offset", 1 0, L_0000012718af8070;  1 drivers
v0000012718a313e0_0 .net "read", 0 0, v0000012718a94a70_0;  alias, 1 drivers
v0000012718a30a80_0 .var "readdata", 7 0;
v0000012718a31020_0 .var "readfromcache", 0 0;
v0000012718a30b20_0 .net "reset", 0 0, v0000012718a969b0_0;  1 drivers
v0000012718a31660_0 .var "state", 2 0;
v0000012718a30bc0_0 .net "tag", 2 0, L_0000012718af96f0;  1 drivers
v0000012718a30120_0 .var "tag_of_block", 2 0;
v0000012718a30c60 .array "tags", 0 7, 2 0;
v0000012718a31980_0 .var "update", 0 0;
v0000012718a30d00_0 .var "valid", 0 0;
v0000012718a301c0_0 .var "validbits", 7 0;
v0000012718a30da0_0 .net "write", 0 0, v0000012718a94b10_0;  alias, 1 drivers
v0000012718a30e40_0 .net "writedata", 7 0, L_0000012718af74e0;  alias, 1 drivers
v0000012718a31840_0 .var "writetocache", 0 0;
E_0000012718a266e0/0 .event anyedge, v0000012718a30b20_0;
E_0000012718a266e0/1 .event posedge, v0000012718a2ffe0_0;
E_0000012718a266e0 .event/or E_0000012718a266e0/0, E_0000012718a266e0/1;
E_0000012718a26760/0 .event anyedge, v0000012718a31660_0, v0000012718a30bc0_0, v0000012718a30620_0, v0000012718a30120_0;
v0000012718a312a0_0 .array/port v0000012718a312a0, 0;
v0000012718a312a0_1 .array/port v0000012718a312a0, 1;
v0000012718a312a0_2 .array/port v0000012718a312a0, 2;
v0000012718a312a0_3 .array/port v0000012718a312a0, 3;
E_0000012718a26760/1 .event anyedge, v0000012718a312a0_0, v0000012718a312a0_1, v0000012718a312a0_2, v0000012718a312a0_3;
v0000012718a312a0_4 .array/port v0000012718a312a0, 4;
v0000012718a312a0_5 .array/port v0000012718a312a0, 5;
v0000012718a312a0_6 .array/port v0000012718a312a0, 6;
v0000012718a312a0_7 .array/port v0000012718a312a0, 7;
E_0000012718a26760/2 .event anyedge, v0000012718a312a0_4, v0000012718a312a0_5, v0000012718a312a0_6, v0000012718a312a0_7;
E_0000012718a26760 .event/or E_0000012718a26760/0, E_0000012718a26760/1, E_0000012718a26760/2;
E_0000012718a267a0/0 .event anyedge, v0000012718a31520_0, v0000012718a30080_0, v0000012718a31700_0, v0000012718a30da0_0;
E_0000012718a267a0/1 .event anyedge, v0000012718a313e0_0;
E_0000012718a267a0 .event/or E_0000012718a267a0/0, E_0000012718a267a0/1;
E_0000012718a267e0 .event negedge, v0000012718a31980_0;
E_0000012718a26820 .event posedge, v0000012718a2ffe0_0;
E_0000012718a26260/0 .event anyedge, v0000012718a30bc0_0, v0000012718a30d00_0, v0000012718a30120_0;
E_0000012718a26260/1 .event posedge, v0000012718a30760_0;
E_0000012718a26260 .event/or E_0000012718a26260/0, E_0000012718a26260/1;
E_0000012718a262a0/0 .event anyedge, v0000012718a30940_0, v0000012718a30620_0, L_0000012718af9010;
E_0000012718a262a0/1 .event posedge, v0000012718a31020_0;
E_0000012718a262a0 .event/or E_0000012718a262a0/0, E_0000012718a262a0/1;
E_0000012718a25fe0/0 .event anyedge, v0000012718a31480_0, v0000012718a30620_0, L_0000012718af8110, v0000012718a301c0_0;
E_0000012718a25fe0/1 .event posedge, v0000012718a31840_0, v0000012718a31020_0;
E_0000012718a25fe0 .event/or E_0000012718a25fe0/0, E_0000012718a25fe0/1;
E_0000012718a26860 .event posedge, v0000012718a30da0_0, v0000012718a313e0_0;
L_0000012718af96f0 .part L_0000012718af7400, 5, 3;
L_0000012718af84d0 .part L_0000012718af7400, 2, 3;
L_0000012718af8070 .part L_0000012718af7400, 0, 2;
L_0000012718af8110 .part/v L_0000012718af96f0, L_0000012718af84d0, 1;
L_0000012718af9010 .array/port v0000012718a312a0, L_0000012718af9a10;
L_0000012718af9a10 .concat [ 3 2 0 0], L_0000012718af84d0, L_0000012718a9cad0;
S_00000127188c5740 .scope module, "mycpu" "cpu" 3 60, 2 6 0, S_00000127188c5420;
 .timescale 0 0;
    .port_info 0 /OUTPUT 32 "PC";
    .port_info 1 /INPUT 32 "INSTRUCTION";
    .port_info 2 /INPUT 1 "CLK";
    .port_info 3 /INPUT 1 "RESET";
    .port_info 4 /INPUT 1 "BUSYWAIT";
    .port_info 5 /OUTPUT 1 "READMEM";
    .port_info 6 /OUTPUT 1 "WRITEMEM";
    .port_info 7 /OUTPUT 8 "ADDRESS";
    .port_info 8 /OUTPUT 8 "WRITEDATA";
    .port_info 9 /INPUT 8 "READDATA";
L_0000012718af74e0 .functor BUFZ 8, L_0000012718a15f10, C4<00000000>, C4<00000000>, C4<00000000>;
L_0000012718af7400 .functor BUFZ 8, v0000012718a86e50_0, C4<00000000>, C4<00000000>, C4<00000000>;
v0000012718a95290_0 .net "ADDRESS", 7 0, L_0000012718af7400;  alias, 1 drivers
v0000012718a937b0_0 .var "ALUOP", 2 0;
v0000012718a94430_0 .net "ALURESULT", 7 0, v0000012718a86e50_0;  1 drivers
v0000012718a94d90_0 .net "BUSYWAIT", 0 0, v0000012718a30800_0;  alias, 1 drivers
v0000012718a94c50_0 .net "CLK", 0 0, v0000012718a97db0_0;  alias, 1 drivers
v0000012718a955b0_0 .net "IMMEDIATE", 7 0, L_0000012718a9c190;  1 drivers
v0000012718a94e30_0 .net "INSTRUCTION", 31 0, L_0000012718a9c410;  alias, 1 drivers
v0000012718a93850_0 .net "MUX5", 7 0, v0000012718a89680_0;  1 drivers
v0000012718a95470_0 .net "NewPC", 31 0, v0000012718a303a0_0;  1 drivers
o0000012718a3cd38 .functor BUFZ 8, C4<zzzzzzzz>; HiZ drive
v0000012718a944d0_0 .net "OFFSET", 7 0, o0000012718a3cd38;  0 drivers
v0000012718a93c10_0 .var "OPCODE", 7 0;
v0000012718a95510_0 .net "OPERAND2", 7 0, v0000012718a890e0_0;  1 drivers
v0000012718a94890_0 .var "PC", 31 0;
v0000012718a941b0_0 .var "PCreg", 31 0;
v0000012718a949d0_0 .net "READDATA", 7 0, v0000012718a30a80_0;  alias, 1 drivers
v0000012718a94a70_0 .var "READMEM", 0 0;
v0000012718a94ed0_0 .net "READREG1", 2 0, L_0000012718a9bbf0;  1 drivers
v0000012718a938f0_0 .net "READREG2", 2 0, L_0000012718a9bc90;  1 drivers
v0000012718a94750_0 .net "REGOUT1", 7 0, L_0000012718a15f10;  1 drivers
v0000012718a93d50_0 .net "REGOUT2", 7 0, L_0000012718a157a0;  1 drivers
v0000012718a951f0_0 .net "RESET", 0 0, v0000012718a969b0_0;  alias, 1 drivers
v0000012718a950b0_0 .var "SEL_MUX4", 0 0;
v0000012718a95650_0 .net "Shift", 3 0, L_0000012718a9c550;  1 drivers
v0000012718a94930_0 .var "Shift_Choice", 0 0;
v0000012718a93f30_0 .net "WRITEDATA", 7 0, L_0000012718af74e0;  alias, 1 drivers
v0000012718a94390_0 .var "WRITEENABLE", 0 0;
v0000012718a94b10_0 .var "WRITEMEM", 0 0;
v0000012718a93990_0 .net "WRITEREG", 2 0, L_0000012718a9bdd0;  1 drivers
v0000012718a94f70_0 .net "ZERO", 0 0, L_0000012718a159d0;  1 drivers
v0000012718a94570_0 .net *"_ivl_11", 7 0, L_0000012718a9b290;  1 drivers
v0000012718a93a30_0 .net *"_ivl_15", 7 0, L_0000012718a9bd30;  1 drivers
v0000012718a94cf0_0 .net *"_ivl_19", 7 0, L_0000012718a9c4b0;  1 drivers
v0000012718a95010_0 .net *"_ivl_5", 7 0, L_0000012718a9a7f0;  1 drivers
v0000012718a93b70_0 .var "bj", 1 0;
v0000012718a95150_0 .net "flow_out", 0 0, L_0000012718af7320;  1 drivers
v0000012718a93cb0_0 .var "immSelect", 0 0;
v0000012718a93fd0_0 .net "in1_multi", 7 0, L_0000012718a9a890;  1 drivers
v0000012718a94070_0 .net "in2_multi", 7 0, L_0000012718a9c5f0;  1 drivers
v0000012718a94110_0 .net "negatedOp", 7 0, L_0000012718a9af70;  1 drivers
v0000012718a97950_0 .net "offset_out", 31 0, L_0000012718a9b0b0;  1 drivers
v0000012718a985d0_0 .net "out_multi", 7 0, L_0000012718af69f0;  1 drivers
v0000012718a979f0_0 .net "registerOp", 7 0, v0000012718a89e00_0;  1 drivers
v0000012718a96a50_0 .var "signSelect", 0 0;
E_0000012718a26360 .event anyedge, v0000012718a30800_0;
E_0000012718a25ca0 .event anyedge, v0000012718a94e30_0;
E_0000012718a269a0 .event anyedge, v0000012718a94890_0;
L_0000012718a9a7f0 .part L_0000012718a9c410, 8, 8;
L_0000012718a9bbf0 .part L_0000012718a9a7f0, 0, 3;
L_0000012718a9c190 .part L_0000012718a9c410, 0, 8;
L_0000012718a9b290 .part L_0000012718a9c410, 0, 8;
L_0000012718a9bc90 .part L_0000012718a9b290, 0, 3;
L_0000012718a9bd30 .part L_0000012718a9c410, 16, 8;
L_0000012718a9bdd0 .part L_0000012718a9bd30, 0, 3;
L_0000012718a9c4b0 .part L_0000012718a9c410, 0, 8;
L_0000012718a9c550 .part L_0000012718a9c4b0, 0, 4;
L_0000012718a9c5f0 .part L_0000012718a9c410, 0, 8;
L_0000012718a9a890 .part L_0000012718a9c410, 8, 8;
S_00000127188f8b20 .scope module, "MUX4" "muxNew" 2 74, 2 465 0, S_00000127188c5740;
 .timescale 0 0;
    .port_info 0 /INPUT 32 "IN1";
    .port_info 1 /INPUT 32 "IN2";
    .port_info 2 /INPUT 1 "SELECT";
    .port_info 3 /OUTPUT 32 "OUT";
v0000012718a310c0_0 .net "IN1", 31 0, v0000012718a941b0_0;  1 drivers
v0000012718a30300_0 .net "IN2", 31 0, L_0000012718a9b0b0;  alias, 1 drivers
v0000012718a303a0_0 .var "OUT", 31 0;
v000001271893f8c0_0 .net "SELECT", 0 0, L_0000012718af7320;  alias, 1 drivers
E_0000012718a268a0 .event anyedge, v000001271893f8c0_0, v0000012718a30300_0, v0000012718a310c0_0;
S_00000127188a01c0 .scope module, "alu1" "ALU" 2 54, 5 1 0, S_00000127188c5740;
 .timescale 0 0;
    .port_info 0 /INPUT 8 "DATA1";
    .port_info 1 /INPUT 8 "DATA2";
    .port_info 2 /OUTPUT 8 "RESULT";
    .port_info 3 /INPUT 3 "SELECT";
    .port_info 4 /OUTPUT 1 "ZERO";
    .port_info 5 /INPUT 4 "SHIFT";
    .port_info 6 /INPUT 1 "CHOICE";
L_0000012718a156c0 .functor OR 1, L_0000012718a9b650, L_0000012718a9b970, C4<0>, C4<0>;
L_0000012718a15730 .functor OR 1, L_0000012718a156c0, L_0000012718a9c050, C4<0>, C4<0>;
L_0000012718a15810 .functor OR 1, L_0000012718a15730, L_0000012718a9abb0, C4<0>, C4<0>;
L_0000012718a164c0 .functor OR 1, L_0000012718a15810, L_0000012718a9a9d0, C4<0>, C4<0>;
L_0000012718a15880 .functor OR 1, L_0000012718a164c0, L_0000012718a9b6f0, C4<0>, C4<0>;
L_0000012718a158f0 .functor OR 1, L_0000012718a15880, L_0000012718a9ad90, C4<0>, C4<0>;
L_0000012718a161b0 .functor OR 1, L_0000012718a158f0, L_0000012718a9b3d0, C4<0>, C4<0>;
L_0000012718a159d0 .functor NOT 1, L_0000012718a161b0, C4<0>, C4<0>, C4<0>;
v0000012718a88610_0 .net "C0", 7 0, L_0000012718a15c00;  1 drivers
v0000012718a87210_0 .net "C1", 7 0, L_0000012718a9aa70;  1 drivers
v0000012718a86c70_0 .net "C2", 7 0, L_0000012718a160d0;  1 drivers
v0000012718a86770_0 .net "C3", 7 0, L_0000012718a15f80;  1 drivers
v0000012718a873f0_0 .net "C4", 7 0, L_0000012718a16300;  1 drivers
v0000012718a87490_0 .net "C5", 7 0, L_0000012718a15ff0;  1 drivers
v0000012718a87530_0 .net "C6", 7 0, L_0000012718a163e0;  1 drivers
v0000012718a86b30_0 .net "C7", 7 0, L_0000012718a16450;  1 drivers
v0000012718a86ef0_0 .net "CHOICE", 0 0, v0000012718a94930_0;  1 drivers
v0000012718a87fd0_0 .net "DATA1", 7 0, L_0000012718a15f10;  alias, 1 drivers
v0000012718a86810_0 .net "DATA2", 7 0, v0000012718a890e0_0;  alias, 1 drivers
v0000012718a86e50_0 .var "RESULT", 7 0;
v0000012718a875d0_0 .net "SELECT", 2 0, v0000012718a937b0_0;  1 drivers
v0000012718a86f90_0 .net "SHIFT", 3 0, L_0000012718a9c550;  alias, 1 drivers
v0000012718a87b70_0 .net "ZERO", 0 0, L_0000012718a159d0;  alias, 1 drivers
v0000012718a88430_0 .net *"_ivl_1", 0 0, L_0000012718a9b650;  1 drivers
v0000012718a87670_0 .net *"_ivl_11", 0 0, L_0000012718a9abb0;  1 drivers
v0000012718a87c10_0 .net *"_ivl_12", 0 0, L_0000012718a15810;  1 drivers
v0000012718a88390_0 .net *"_ivl_15", 0 0, L_0000012718a9a9d0;  1 drivers
v0000012718a87cb0_0 .net *"_ivl_16", 0 0, L_0000012718a164c0;  1 drivers
v0000012718a88070_0 .net *"_ivl_19", 0 0, L_0000012718a9b6f0;  1 drivers
v0000012718a89d60_0 .net *"_ivl_20", 0 0, L_0000012718a15880;  1 drivers
v0000012718a88960_0 .net *"_ivl_23", 0 0, L_0000012718a9ad90;  1 drivers
v0000012718a8a080_0 .net *"_ivl_24", 0 0, L_0000012718a158f0;  1 drivers
v0000012718a88aa0_0 .net *"_ivl_27", 0 0, L_0000012718a9b3d0;  1 drivers
v0000012718a8a260_0 .net *"_ivl_28", 0 0, L_0000012718a161b0;  1 drivers
v0000012718a89f40_0 .net *"_ivl_3", 0 0, L_0000012718a9b970;  1 drivers
v0000012718a88b40_0 .net *"_ivl_4", 0 0, L_0000012718a156c0;  1 drivers
v0000012718a88d20_0 .net *"_ivl_7", 0 0, L_0000012718a9c050;  1 drivers
v0000012718a89ae0_0 .net *"_ivl_8", 0 0, L_0000012718a15730;  1 drivers
E_0000012718a25da0/0 .event anyedge, v0000012718a875d0_0, v0000012718a869f0_0, v0000012718a87710_0, v0000012718a88250_0;
E_0000012718a25da0/1 .event anyedge, v0000012718a878f0_0, v0000012718a87350_0, v0000012718a86950_0, v0000012718a88570_0;
E_0000012718a25da0/2 .event anyedge, v0000012718a868b0_0, v0000012718a88110_0;
E_0000012718a25da0 .event/or E_0000012718a25da0/0, E_0000012718a25da0/1, E_0000012718a25da0/2;
L_0000012718a9b650 .part v0000012718a86e50_0, 0, 1;
L_0000012718a9b970 .part v0000012718a86e50_0, 1, 1;
L_0000012718a9c050 .part v0000012718a86e50_0, 2, 1;
L_0000012718a9abb0 .part v0000012718a86e50_0, 3, 1;
L_0000012718a9a9d0 .part v0000012718a86e50_0, 4, 1;
L_0000012718a9b6f0 .part v0000012718a86e50_0, 5, 1;
L_0000012718a9ad90 .part v0000012718a86e50_0, 6, 1;
L_0000012718a9b3d0 .part v0000012718a86e50_0, 7, 1;
S_00000127188a0350 .scope module, "case0" "FORWARD" 5 25, 5 109 0, S_00000127188a01c0;
 .timescale 0 0;
    .port_info 0 /INPUT 8 "DATA1";
    .port_info 1 /INPUT 8 "DATA2";
    .port_info 2 /OUTPUT 8 "RESULT";
L_0000012718a15c00/d .functor BUFZ 8, v0000012718a890e0_0, C4<00000000>, C4<00000000>, C4<00000000>;
L_0000012718a15c00 .delay 8 (10000000000,10000000000,10000000000) L_0000012718a15c00/d;
v0000012718a0bcb0_0 .net "DATA1", 7 0, L_0000012718a15f10;  alias, 1 drivers
v0000012718a88110_0 .net "DATA2", 7 0, v0000012718a890e0_0;  alias, 1 drivers
v0000012718a869f0_0 .net "RESULT", 7 0, L_0000012718a15c00;  alias, 1 drivers
S_00000127188a04e0 .scope module, "case1" "ADD" 5 28, 5 116 0, S_00000127188a01c0;
 .timescale 0 0;
    .port_info 0 /INPUT 8 "DATA1";
    .port_info 1 /INPUT 8 "DATA2";
    .port_info 2 /OUTPUT 8 "RESULT";
v0000012718a86a90_0 .net "DATA1", 7 0, L_0000012718a15f10;  alias, 1 drivers
v0000012718a87e90_0 .net "DATA2", 7 0, v0000012718a890e0_0;  alias, 1 drivers
v0000012718a87710_0 .net "RESULT", 7 0, L_0000012718a9aa70;  alias, 1 drivers
L_0000012718a9aa70 .delay 8 (20000000000,20000000000,20000000000) L_0000012718a9aa70/d;
L_0000012718a9aa70/d .arith/sum 8, L_0000012718a15f10, v0000012718a890e0_0;
S_00000127188f4f60 .scope module, "case2" "AND" 5 31, 5 123 0, S_00000127188a01c0;
 .timescale 0 0;
    .port_info 0 /INPUT 8 "DATA1";
    .port_info 1 /INPUT 8 "DATA2";
    .port_info 2 /OUTPUT 8 "RESULT";
L_0000012718a160d0/d .functor AND 8, L_0000012718a15f10, v0000012718a890e0_0, C4<11111111>, C4<11111111>;
L_0000012718a160d0 .delay 8 (10000000000,10000000000,10000000000) L_0000012718a160d0/d;
v0000012718a87990_0 .net "DATA1", 7 0, L_0000012718a15f10;  alias, 1 drivers
v0000012718a881b0_0 .net "DATA2", 7 0, v0000012718a890e0_0;  alias, 1 drivers
v0000012718a88250_0 .net "RESULT", 7 0, L_0000012718a160d0;  alias, 1 drivers
S_00000127188f50f0 .scope module, "case3" "OR" 5 34, 5 130 0, S_00000127188a01c0;
 .timescale 0 0;
    .port_info 0 /INPUT 8 "DATA1";
    .port_info 1 /INPUT 8 "DATA2";
    .port_info 2 /OUTPUT 8 "RESULT";
L_0000012718a15f80/d .functor OR 8, L_0000012718a15f10, v0000012718a890e0_0, C4<00000000>, C4<00000000>;
L_0000012718a15f80 .delay 8 (10000000000,10000000000,10000000000) L_0000012718a15f80/d;
v0000012718a87030_0 .net "DATA1", 7 0, L_0000012718a15f10;  alias, 1 drivers
v0000012718a87850_0 .net "DATA2", 7 0, v0000012718a890e0_0;  alias, 1 drivers
v0000012718a878f0_0 .net "RESULT", 7 0, L_0000012718a15f80;  alias, 1 drivers
S_00000127188f5280 .scope module, "case4" "multiplication" 5 37, 5 137 0, S_00000127188a01c0;
 .timescale 0 0;
    .port_info 0 /INPUT 8 "IN1";
    .port_info 1 /INPUT 8 "IN2";
    .port_info 2 /OUTPUT 8 "New_Num";
L_0000012718a16300 .functor BUFZ 8, v0000012718a86bd0_0, C4<00000000>, C4<00000000>, C4<00000000>;
v0000012718a87f30_0 .net "IN1", 7 0, L_0000012718a15f10;  alias, 1 drivers
v0000012718a872b0_0 .net "IN2", 7 0, v0000012718a890e0_0;  alias, 1 drivers
v0000012718a87350_0 .net "New_Num", 7 0, L_0000012718a16300;  alias, 1 drivers
v0000012718a877b0 .array "partial_products", 0 7, 7 0;
v0000012718a86bd0_0 .var "sum", 7 0;
v0000012718a877b0_0 .array/port v0000012718a877b0, 0;
v0000012718a877b0_1 .array/port v0000012718a877b0, 1;
E_0000012718a26420/0 .event anyedge, v0000012718a0bcb0_0, v0000012718a88110_0, v0000012718a877b0_0, v0000012718a877b0_1;
v0000012718a877b0_2 .array/port v0000012718a877b0, 2;
v0000012718a877b0_3 .array/port v0000012718a877b0, 3;
v0000012718a877b0_4 .array/port v0000012718a877b0, 4;
v0000012718a877b0_5 .array/port v0000012718a877b0, 5;
E_0000012718a26420/1 .event anyedge, v0000012718a877b0_2, v0000012718a877b0_3, v0000012718a877b0_4, v0000012718a877b0_5;
v0000012718a877b0_6 .array/port v0000012718a877b0, 6;
v0000012718a877b0_7 .array/port v0000012718a877b0, 7;
E_0000012718a26420/2 .event anyedge, v0000012718a877b0_6, v0000012718a877b0_7;
E_0000012718a26420 .event/or E_0000012718a26420/0, E_0000012718a26420/1, E_0000012718a26420/2;
S_00000127188ce1c0 .scope module, "case5" "Arith_right" 5 40, 5 228 0, S_00000127188a01c0;
 .timescale 0 0;
    .port_info 0 /INPUT 4 "SHIFT";
    .port_info 1 /INPUT 8 "Number";
    .port_info 2 /OUTPUT 8 "Out_num";
L_0000012718a15ff0 .functor BUFZ 8, v0000012718a86db0_0, C4<00000000>, C4<00000000>, C4<00000000>;
v0000012718a86db0_0 .var "New_Num", 7 0;
v0000012718a87d50_0 .net "Number", 7 0, L_0000012718a15f10;  alias, 1 drivers
v0000012718a86950_0 .net "Out_num", 7 0, L_0000012718a15ff0;  alias, 1 drivers
v0000012718a87a30_0 .net "SHIFT", 3 0, L_0000012718a9c550;  alias, 1 drivers
E_0000012718a26520 .event anyedge, v0000012718a86950_0, v0000012718a0bcb0_0, v0000012718a87a30_0;
S_00000127188ce350 .scope module, "case6" "Rotate_right" 5 43, 5 267 0, S_00000127188a01c0;
 .timescale 0 0;
    .port_info 0 /INPUT 4 "SHIFT";
    .port_info 1 /INPUT 8 "Number";
    .port_info 2 /OUTPUT 8 "Out_num";
L_0000012718a163e0 .functor BUFZ 8, v0000012718a87ad0_0, C4<00000000>, C4<00000000>, C4<00000000>;
v0000012718a87ad0_0 .var "New_Num", 7 0;
v0000012718a86d10_0 .net "Number", 7 0, L_0000012718a15f10;  alias, 1 drivers
v0000012718a88570_0 .net "Out_num", 7 0, L_0000012718a163e0;  alias, 1 drivers
v0000012718a884d0_0 .net "SHIFT", 3 0, L_0000012718a9c550;  alias, 1 drivers
E_0000012718a26b20 .event anyedge, v0000012718a88570_0, v0000012718a0bcb0_0, v0000012718a87a30_0;
S_00000127188ce4e0 .scope module, "case7" "Shift" 5 46, 5 336 0, S_00000127188a01c0;
 .timescale 0 0;
    .port_info 0 /INPUT 4 "SHIFT";
    .port_info 1 /INPUT 8 "Number";
    .port_info 2 /OUTPUT 8 "Out_num";
    .port_info 3 /INPUT 1 "Chocie";
L_0000012718a16450 .functor BUFZ 8, v0000012718a870d0_0, C4<00000000>, C4<00000000>, C4<00000000>;
v0000012718a87170_0 .net "Chocie", 0 0, v0000012718a94930_0;  alias, 1 drivers
v0000012718a870d0_0 .var "New_Num", 7 0;
v0000012718a87df0_0 .net "Number", 7 0, L_0000012718a15f10;  alias, 1 drivers
v0000012718a868b0_0 .net "Out_num", 7 0, L_0000012718a16450;  alias, 1 drivers
v0000012718a882f0_0 .net "SHIFT", 3 0, L_0000012718a9c550;  alias, 1 drivers
E_0000012718a25ba0 .event anyedge, v0000012718a868b0_0, v0000012718a0bcb0_0, v0000012718a87a30_0;
S_00000127188be080 .scope module, "flow" "flowcontrol" 2 81, 2 448 0, S_00000127188c5740;
 .timescale 0 0;
    .port_info 0 /INPUT 2 "branch_jump";
    .port_info 1 /INPUT 1 "zero";
    .port_info 2 /OUTPUT 1 "out";
L_0000012718af76a0 .functor AND 1, L_0000012718a9b1f0, L_0000012718a159d0, C4<1>, C4<1>;
L_0000012718af7320 .functor XOR 1, L_0000012718a9bb50, L_0000012718af76a0, C4<0>, C4<0>;
v0000012718a89b80_0 .net *"_ivl_1", 0 0, L_0000012718a9bb50;  1 drivers
v0000012718a89a40_0 .net *"_ivl_3", 0 0, L_0000012718a9b1f0;  1 drivers
v0000012718a89c20_0 .net *"_ivl_4", 0 0, L_0000012718af76a0;  1 drivers
v0000012718a89540_0 .net "branch_jump", 1 0, v0000012718a93b70_0;  1 drivers
v0000012718a88e60_0 .net "out", 0 0, L_0000012718af7320;  alias, 1 drivers
v0000012718a8a120_0 .net "zero", 0 0, L_0000012718a159d0;  alias, 1 drivers
L_0000012718a9bb50 .part v0000012718a93b70_0, 0, 1;
L_0000012718a9b1f0 .part v0000012718a93b70_0, 1, 1;
S_00000127188be210 .scope module, "mult" "multiplication" 2 89, 5 137 0, S_00000127188c5740;
 .timescale 0 0;
    .port_info 0 /INPUT 8 "IN1";
    .port_info 1 /INPUT 8 "IN2";
    .port_info 2 /OUTPUT 8 "New_Num";
L_0000012718af69f0 .functor BUFZ 8, v0000012718a88dc0_0, C4<00000000>, C4<00000000>, C4<00000000>;
v0000012718a892c0_0 .net "IN1", 7 0, L_0000012718a9a890;  alias, 1 drivers
v0000012718a88be0_0 .net "IN2", 7 0, L_0000012718a9c5f0;  alias, 1 drivers
v0000012718a89ea0_0 .net "New_Num", 7 0, L_0000012718af69f0;  alias, 1 drivers
v0000012718a89720 .array "partial_products", 0 7, 7 0;
v0000012718a88dc0_0 .var "sum", 7 0;
v0000012718a89720_0 .array/port v0000012718a89720, 0;
v0000012718a89720_1 .array/port v0000012718a89720, 1;
E_0000012718a279e0/0 .event anyedge, v0000012718a892c0_0, v0000012718a88be0_0, v0000012718a89720_0, v0000012718a89720_1;
v0000012718a89720_2 .array/port v0000012718a89720, 2;
v0000012718a89720_3 .array/port v0000012718a89720, 3;
v0000012718a89720_4 .array/port v0000012718a89720, 4;
v0000012718a89720_5 .array/port v0000012718a89720, 5;
E_0000012718a279e0/1 .event anyedge, v0000012718a89720_2, v0000012718a89720_3, v0000012718a89720_4, v0000012718a89720_5;
v0000012718a89720_6 .array/port v0000012718a89720, 6;
v0000012718a89720_7 .array/port v0000012718a89720, 7;
E_0000012718a279e0/2 .event anyedge, v0000012718a89720_6, v0000012718a89720_7;
E_0000012718a279e0 .event/or E_0000012718a279e0/0, E_0000012718a279e0/1, E_0000012718a279e0/2;
S_0000012718a92c50 .scope module, "mux1" "mux" 2 60, 2 383 0, S_00000127188c5740;
 .timescale 0 0;
    .port_info 0 /INPUT 8 "IN1";
    .port_info 1 /INPUT 8 "IN2";
    .port_info 2 /INPUT 1 "SELECT";
    .port_info 3 /OUTPUT 8 "OUT";
v0000012718a897c0_0 .net "IN1", 7 0, L_0000012718a157a0;  alias, 1 drivers
v0000012718a888c0_0 .net "IN2", 7 0, L_0000012718a9af70;  alias, 1 drivers
v0000012718a89e00_0 .var "OUT", 7 0;
v0000012718a89900_0 .net "SELECT", 0 0, v0000012718a96a50_0;  1 drivers
E_0000012718a274a0 .event anyedge, v0000012718a89900_0, v0000012718a888c0_0, v0000012718a897c0_0;
S_0000012718a92ac0 .scope module, "mux2" "mux" 2 61, 2 383 0, S_00000127188c5740;
 .timescale 0 0;
    .port_info 0 /INPUT 8 "IN1";
    .port_info 1 /INPUT 8 "IN2";
    .port_info 2 /INPUT 1 "SELECT";
    .port_info 3 /OUTPUT 8 "OUT";
v0000012718a8a1c0_0 .net "IN1", 7 0, v0000012718a89e00_0;  alias, 1 drivers
v0000012718a8a440_0 .net "IN2", 7 0, L_0000012718a9c190;  alias, 1 drivers
v0000012718a890e0_0 .var "OUT", 7 0;
v0000012718a89cc0_0 .net "SELECT", 0 0, v0000012718a93cb0_0;  1 drivers
E_0000012718a26c60 .event anyedge, v0000012718a89cc0_0, v0000012718a8a440_0, v0000012718a89e00_0;
S_0000012718a93290 .scope module, "mux4" "mux" 2 99, 2 383 0, S_00000127188c5740;
 .timescale 0 0;
    .port_info 0 /INPUT 8 "IN1";
    .port_info 1 /INPUT 8 "IN2";
    .port_info 2 /INPUT 1 "SELECT";
    .port_info 3 /OUTPUT 8 "OUT";
v0000012718a895e0_0 .net "IN1", 7 0, v0000012718a86e50_0;  alias, 1 drivers
v0000012718a89fe0_0 .net "IN2", 7 0, v0000012718a30a80_0;  alias, 1 drivers
v0000012718a89680_0 .var "OUT", 7 0;
v0000012718a88a00_0 .net "SELECT", 0 0, v0000012718a950b0_0;  1 drivers
E_0000012718a26c20 .event anyedge, v0000012718a88a00_0, v0000012718a30a80_0, v0000012718a86e50_0;
S_0000012718a92de0 .scope module, "reg_file1" "reg_file" 2 51, 6 1 0, S_00000127188c5740;
 .timescale 0 0;
    .port_info 0 /INPUT 8 "IN";
    .port_info 1 /OUTPUT 8 "OUT1";
    .port_info 2 /OUTPUT 8 "OUT2";
    .port_info 3 /INPUT 3 "INADDRESS";
    .port_info 4 /INPUT 3 "OUT1ADDRESS";
    .port_info 5 /INPUT 3 "OUT2ADDRESS";
    .port_info 6 /INPUT 1 "WRITE";
    .port_info 7 /INPUT 1 "CLK";
    .port_info 8 /INPUT 1 "RESET";
    .port_info 9 /INPUT 1 "BUSYWAIT";
L_0000012718a15f10/d .functor BUFZ 8, L_0000012718a9b5b0, C4<00000000>, C4<00000000>, C4<00000000>;
L_0000012718a15f10 .delay 8 (20000000000,20000000000,20000000000) L_0000012718a15f10/d;
L_0000012718a157a0/d .functor BUFZ 8, L_0000012718a9bf10, C4<00000000>, C4<00000000>, C4<00000000>;
L_0000012718a157a0 .delay 8 (20000000000,20000000000,20000000000) L_0000012718a157a0/d;
v0000012718a88820_0 .net "BUSYWAIT", 0 0, v0000012718a30800_0;  alias, 1 drivers
v0000012718a89180_0 .net "CLK", 0 0, v0000012718a97db0_0;  alias, 1 drivers
v0000012718a89040_0 .net "IN", 7 0, v0000012718a86e50_0;  alias, 1 drivers
v0000012718a8a300_0 .net "INADDRESS", 2 0, L_0000012718a9bdd0;  alias, 1 drivers
v0000012718a89220_0 .net "OUT1", 7 0, L_0000012718a15f10;  alias, 1 drivers
v0000012718a89360_0 .net "OUT1ADDRESS", 2 0, L_0000012718a9bbf0;  alias, 1 drivers
v0000012718a88f00_0 .net "OUT2", 7 0, L_0000012718a157a0;  alias, 1 drivers
v0000012718a8a3a0_0 .net "OUT2ADDRESS", 2 0, L_0000012718a9bc90;  alias, 1 drivers
v0000012718a8a620_0 .net "RESET", 0 0, v0000012718a969b0_0;  alias, 1 drivers
v0000012718a88c80_0 .net "WRITE", 0 0, v0000012718a94390_0;  1 drivers
v0000012718a89860_0 .net *"_ivl_0", 7 0, L_0000012718a9b5b0;  1 drivers
v0000012718a899a0_0 .net *"_ivl_10", 4 0, L_0000012718a9bfb0;  1 drivers
L_0000012718a9c9f8 .functor BUFT 1, C4<00>, C4<0>, C4<0>, C4<0>;
v0000012718a8a4e0_0 .net *"_ivl_13", 1 0, L_0000012718a9c9f8;  1 drivers
v0000012718a89400_0 .net *"_ivl_2", 4 0, L_0000012718a9b830;  1 drivers
L_0000012718a9c9b0 .functor BUFT 1, C4<00>, C4<0>, C4<0>, C4<0>;
v0000012718a894a0_0 .net *"_ivl_5", 1 0, L_0000012718a9c9b0;  1 drivers
v0000012718a8a580_0 .net *"_ivl_8", 7 0, L_0000012718a9bf10;  1 drivers
v0000012718a88780_0 .var/i "i", 31 0;
v0000012718a88fa0 .array "registers", 0 7, 7 0;
L_0000012718a9b5b0 .array/port v0000012718a88fa0, L_0000012718a9b830;
L_0000012718a9b830 .concat [ 3 2 0 0], L_0000012718a9bbf0, L_0000012718a9c9b0;
L_0000012718a9bf10 .array/port v0000012718a88fa0, L_0000012718a9bfb0;
L_0000012718a9bfb0 .concat [ 3 2 0 0], L_0000012718a9bc90, L_0000012718a9c9f8;
S_0000012718a92930 .scope module, "target" "OFFSETADDER" 2 69, 2 423 0, S_00000127188c5740;
 .timescale 0 0;
    .port_info 0 /INPUT 32 "PC";
    .port_info 1 /INPUT 8 "Offset";
    .port_info 2 /OUTPUT 32 "Target";
v0000012718a94250_0 .net "Offset", 7 0, o0000012718a3cd38;  alias, 0 drivers
v0000012718a942f0_0 .net "PC", 31 0, v0000012718a941b0_0;  alias, 1 drivers
v0000012718a947f0_0 .net "Target", 31 0, L_0000012718a9b0b0;  alias, 1 drivers
v0000012718a93df0_0 .net *"_ivl_1", 0 0, L_0000012718a9bab0;  1 drivers
L_0000012718a9ca88 .functor BUFT 1, C4<00>, C4<0>, C4<0>, C4<0>;
v0000012718a94610_0 .net/2u *"_ivl_4", 1 0, L_0000012718a9ca88;  1 drivers
v0000012718a94bb0_0 .net *"_ivl_6", 31 0, L_0000012718a9c0f0;  1 drivers
v0000012718a946b0_0 .net "signBits", 21 0, L_0000012718a9b010;  1 drivers
L_0000012718a9bab0 .part o0000012718a3cd38, 7, 1;
LS_0000012718a9b010_0_0 .concat [ 1 1 1 1], L_0000012718a9bab0, L_0000012718a9bab0, L_0000012718a9bab0, L_0000012718a9bab0;
LS_0000012718a9b010_0_4 .concat [ 1 1 1 1], L_0000012718a9bab0, L_0000012718a9bab0, L_0000012718a9bab0, L_0000012718a9bab0;
LS_0000012718a9b010_0_8 .concat [ 1 1 1 1], L_0000012718a9bab0, L_0000012718a9bab0, L_0000012718a9bab0, L_0000012718a9bab0;
LS_0000012718a9b010_0_12 .concat [ 1 1 1 1], L_0000012718a9bab0, L_0000012718a9bab0, L_0000012718a9bab0, L_0000012718a9bab0;
LS_0000012718a9b010_0_16 .concat [ 1 1 1 1], L_0000012718a9bab0, L_0000012718a9bab0, L_0000012718a9bab0, L_0000012718a9bab0;
LS_0000012718a9b010_0_20 .concat [ 1 1 0 0], L_0000012718a9bab0, L_0000012718a9bab0;
LS_0000012718a9b010_1_0 .concat [ 4 4 4 4], LS_0000012718a9b010_0_0, LS_0000012718a9b010_0_4, LS_0000012718a9b010_0_8, LS_0000012718a9b010_0_12;
LS_0000012718a9b010_1_4 .concat [ 4 2 0 0], LS_0000012718a9b010_0_16, LS_0000012718a9b010_0_20;
L_0000012718a9b010 .concat [ 16 6 0 0], LS_0000012718a9b010_1_0, LS_0000012718a9b010_1_4;
L_0000012718a9c0f0 .concat [ 2 8 22 0], L_0000012718a9ca88, o0000012718a3cd38, L_0000012718a9b010;
L_0000012718a9b0b0 .delay 32 (20000000000,20000000000,20000000000) L_0000012718a9b0b0/d;
L_0000012718a9b0b0/d .arith/sum 32, v0000012718a941b0_0, L_0000012718a9c0f0;
S_0000012718a92f70 .scope module, "twocomp1" "twocomp" 2 57, 2 370 0, S_00000127188c5740;
 .timescale 0 0;
    .port_info 0 /INPUT 8 "IN";
    .port_info 1 /OUTPUT 8 "OUT";
L_000001271892a010 .functor NOT 8, L_0000012718a157a0, C4<00000000>, C4<00000000>, C4<00000000>;
v0000012718a93e90_0 .net "IN", 7 0, L_0000012718a157a0;  alias, 1 drivers
v0000012718a93ad0_0 .net "OUT", 7 0, L_0000012718a9af70;  alias, 1 drivers
v0000012718a95330_0 .net *"_ivl_0", 7 0, L_000001271892a010;  1 drivers
L_0000012718a9ca40 .functor BUFT 1, C4<00000001>, C4<0>, C4<0>, C4<0>;
v0000012718a953d0_0 .net/2u *"_ivl_2", 7 0, L_0000012718a9ca40;  1 drivers
L_0000012718a9af70 .delay 8 (10000000000,10000000000,10000000000) L_0000012718a9af70/d;
L_0000012718a9af70/d .arith/sum 8, L_000001271892a010, L_0000012718a9ca40;
S_0000012718a93100 .scope module, "mymemory" "data_memory" 3 65, 7 12 0, S_00000127188c5420;
 .timescale 0 0;
    .port_info 0 /INPUT 1 "clock";
    .port_info 1 /INPUT 1 "reset";
    .port_info 2 /INPUT 1 "read";
    .port_info 3 /INPUT 1 "write";
    .port_info 4 /INPUT 6 "address";
    .port_info 5 /INPUT 32 "writedata";
    .port_info 6 /OUTPUT 32 "readdata";
    .port_info 7 /OUTPUT 1 "busywait";
v0000012718a98670_0 .var *"_ivl_10", 7 0; Local signal
v0000012718a97a90_0 .var *"_ivl_3", 7 0; Local signal
v0000012718a97d10_0 .var *"_ivl_4", 7 0; Local signal
v0000012718a96f50_0 .var *"_ivl_5", 7 0; Local signal
v0000012718a96b90_0 .var *"_ivl_6", 7 0; Local signal
v0000012718a967d0_0 .var *"_ivl_7", 7 0; Local signal
v0000012718a982b0_0 .var *"_ivl_8", 7 0; Local signal
v0000012718a98210_0 .var *"_ivl_9", 7 0; Local signal
v0000012718a96870_0 .net "address", 5 0, v0000012718a306c0_0;  alias, 1 drivers
v0000012718a98530_0 .var "busywait", 0 0;
v0000012718a978b0_0 .net "clock", 0 0, v0000012718a97db0_0;  alias, 1 drivers
v0000012718a97630_0 .var/i "i", 31 0;
v0000012718a96af0 .array "memory_array", 0 255, 7 0;
v0000012718a97b30_0 .net "read", 0 0, v0000012718a318e0_0;  alias, 1 drivers
v0000012718a97ef0_0 .var "readaccess", 0 0;
v0000012718a971d0_0 .var "readdata", 31 0;
v0000012718a97bd0_0 .net "reset", 0 0, v0000012718a969b0_0;  alias, 1 drivers
v0000012718a96910_0 .net "write", 0 0, v0000012718a308a0_0;  alias, 1 drivers
v0000012718a983f0_0 .var "writeaccess", 0 0;
v0000012718a97130_0 .net "writedata", 31 0, v0000012718a309e0_0;  alias, 1 drivers
E_0000012718a271a0 .event posedge, v0000012718a30b20_0;
E_0000012718a27960 .event anyedge, v0000012718a308a0_0, v0000012718a318e0_0;
    .scope S_0000012718a92de0;
T_0 ;
    %wait E_0000012718a26820;
    %load/vec4 v0000012718a8a620_0;
    %flag_set/vec4 8;
    %jmp/0xz  T_0.0, 8;
    %pushi/vec4 0, 0, 32;
    %store/vec4 v0000012718a88780_0, 0, 32;
T_0.2 ;
    %load/vec4 v0000012718a88780_0;
    %cmpi/s 8, 0, 32;
    %jmp/0xz T_0.3, 5;
    %delay 1410065408, 2;
    %pushi/vec4 0, 0, 8;
    %ix/getv/s 4, v0000012718a88780_0;
    %store/vec4a v0000012718a88fa0, 4, 0;
    ; show_stmt_assign_vector: Get l-value for compressed += operand
    %load/vec4 v0000012718a88780_0;
    %pushi/vec4 1, 0, 32;
    %add;
    %store/vec4 v0000012718a88780_0, 0, 32;
    %jmp T_0.2;
T_0.3 ;
    %jmp T_0.1;
T_0.0 ;
    %load/vec4 v0000012718a88c80_0;
    %load/vec4 v0000012718a88820_0;
    %nor/r;
    %and;
    %flag_set/vec4 8;
    %jmp/0xz  T_0.4, 8;
    %delay 1410065408, 2;
    %load/vec4 v0000012718a89040_0;
    %load/vec4 v0000012718a8a300_0;
    %pad/u 5;
    %ix/vec4 4;
    %store/vec4a v0000012718a88fa0, 4, 0;
T_0.4 ;
T_0.1 ;
    %jmp T_0;
    .thread T_0;
    .scope S_00000127188f5280;
T_1 ;
    %wait E_0000012718a26420;
    %delay 2820130816, 4;
    %load/vec4 v0000012718a87f30_0;
    %parti/s 1, 7, 4;
    %load/vec4 v0000012718a872b0_0;
    %parti/s 1, 0, 2;
    %and;
    %load/vec4 v0000012718a87f30_0;
    %parti/s 1, 6, 4;
    %load/vec4 v0000012718a872b0_0;
    %parti/s 1, 0, 2;
    %and;
    %concat/vec4; draw_concat_vec4
    %load/vec4 v0000012718a87f30_0;
    %parti/s 1, 5, 4;
    %load/vec4 v0000012718a872b0_0;
    %parti/s 1, 0, 2;
    %and;
    %concat/vec4; draw_concat_vec4
    %load/vec4 v0000012718a87f30_0;
    %parti/s 1, 4, 4;
    %load/vec4 v0000012718a872b0_0;
    %parti/s 1, 0, 2;
    %and;
    %concat/vec4; draw_concat_vec4
    %load/vec4 v0000012718a87f30_0;
    %parti/s 1, 3, 3;
    %load/vec4 v0000012718a872b0_0;
    %parti/s 1, 0, 2;
    %and;
    %concat/vec4; draw_concat_vec4
    %load/vec4 v0000012718a87f30_0;
    %parti/s 1, 2, 3;
    %load/vec4 v0000012718a872b0_0;
    %parti/s 1, 0, 2;
    %and;
    %concat/vec4; draw_concat_vec4
    %load/vec4 v0000012718a87f30_0;
    %parti/s 1, 1, 2;
    %load/vec4 v0000012718a872b0_0;
    %parti/s 1, 0, 2;
    %and;
    %concat/vec4; draw_concat_vec4
    %load/vec4 v0000012718a87f30_0;
    %parti/s 1, 0, 2;
    %load/vec4 v0000012718a872b0_0;
    %parti/s 1, 0, 2;
    %and;
    %concat/vec4; draw_concat_vec4
    %ix/load 4, 0, 0;
    %flag_set/imm 4, 0;
    %store/vec4a v0000012718a877b0, 4, 0;
    %load/vec4 v0000012718a87f30_0;
    %parti/s 1, 6, 4;
    %load/vec4 v0000012718a872b0_0;
    %parti/s 1, 1, 2;
    %and;
    %load/vec4 v0000012718a87f30_0;
    %parti/s 1, 5, 4;
    %load/vec4 v0000012718a872b0_0;
    %parti/s 1, 1, 2;
    %and;
    %concat/vec4; draw_concat_vec4
    %load/vec4 v0000012718a87f30_0;
    %parti/s 1, 4, 4;
    %load/vec4 v0000012718a872b0_0;
    %parti/s 1, 1, 2;
    %and;
    %concat/vec4; draw_concat_vec4
    %load/vec4 v0000012718a87f30_0;
    %parti/s 1, 3, 3;
    %load/vec4 v0000012718a872b0_0;
    %parti/s 1, 1, 2;
    %and;
    %concat/vec4; draw_concat_vec4
    %load/vec4 v0000012718a87f30_0;
    %parti/s 1, 2, 3;
    %load/vec4 v0000012718a872b0_0;
    %parti/s 1, 1, 2;
    %and;
    %concat/vec4; draw_concat_vec4
    %load/vec4 v0000012718a87f30_0;
    %parti/s 1, 1, 2;
    %load/vec4 v0000012718a872b0_0;
    %parti/s 1, 1, 2;
    %and;
    %concat/vec4; draw_concat_vec4
    %load/vec4 v0000012718a87f30_0;
    %parti/s 1, 0, 2;
    %load/vec4 v0000012718a872b0_0;
    %parti/s 1, 1, 2;
    %and;
    %concat/vec4; draw_concat_vec4
    %concati/vec4 0, 0, 1;
    %ix/load 4, 1, 0;
    %flag_set/imm 4, 0;
    %store/vec4a v0000012718a877b0, 4, 0;
    %load/vec4 v0000012718a87f30_0;
    %parti/s 1, 5, 4;
    %load/vec4 v0000012718a872b0_0;
    %parti/s 1, 2, 3;
    %and;
    %load/vec4 v0000012718a87f30_0;
    %parti/s 1, 4, 4;
    %load/vec4 v0000012718a872b0_0;
    %parti/s 1, 2, 3;
    %and;
    %concat/vec4; draw_concat_vec4
    %load/vec4 v0000012718a87f30_0;
    %parti/s 1, 3, 3;
    %load/vec4 v0000012718a872b0_0;
    %parti/s 1, 2, 3;
    %and;
    %concat/vec4; draw_concat_vec4
    %load/vec4 v0000012718a87f30_0;
    %parti/s 1, 2, 3;
    %load/vec4 v0000012718a872b0_0;
    %parti/s 1, 2, 3;
    %and;
    %concat/vec4; draw_concat_vec4
    %load/vec4 v0000012718a87f30_0;
    %parti/s 1, 1, 2;
    %load/vec4 v0000012718a872b0_0;
    %parti/s 1, 2, 3;
    %and;
    %concat/vec4; draw_concat_vec4
    %load/vec4 v0000012718a87f30_0;
    %parti/s 1, 0, 2;
    %load/vec4 v0000012718a872b0_0;
    %parti/s 1, 2, 3;
    %and;
    %concat/vec4; draw_concat_vec4
    %concati/vec4 0, 0, 2;
    %ix/load 4, 2, 0;
    %flag_set/imm 4, 0;
    %store/vec4a v0000012718a877b0, 4, 0;
    %load/vec4 v0000012718a87f30_0;
    %parti/s 1, 4, 4;
    %load/vec4 v0000012718a872b0_0;
    %parti/s 1, 3, 3;
    %and;
    %load/vec4 v0000012718a87f30_0;
    %parti/s 1, 3, 3;
    %load/vec4 v0000012718a872b0_0;
    %parti/s 1, 3, 3;
    %and;
    %concat/vec4; draw_concat_vec4
    %load/vec4 v0000012718a87f30_0;
    %parti/s 1, 2, 3;
    %load/vec4 v0000012718a872b0_0;
    %parti/s 1, 3, 3;
    %and;
    %concat/vec4; draw_concat_vec4
    %load/vec4 v0000012718a87f30_0;
    %parti/s 1, 1, 2;
    %load/vec4 v0000012718a872b0_0;
    %parti/s 1, 3, 3;
    %and;
    %concat/vec4; draw_concat_vec4
    %load/vec4 v0000012718a87f30_0;
    %parti/s 1, 0, 2;
    %load/vec4 v0000012718a872b0_0;
    %parti/s 1, 3, 3;
    %and;
    %concat/vec4; draw_concat_vec4
    %concati/vec4 0, 0, 3;
    %ix/load 4, 3, 0;
    %flag_set/imm 4, 0;
    %store/vec4a v0000012718a877b0, 4, 0;
    %load/vec4 v0000012718a87f30_0;
    %parti/s 1, 3, 3;
    %load/vec4 v0000012718a872b0_0;
    %parti/s 1, 4, 4;
    %and;
    %load/vec4 v0000012718a87f30_0;
    %parti/s 1, 2, 3;
    %load/vec4 v0000012718a872b0_0;
    %parti/s 1, 4, 4;
    %and;
    %concat/vec4; draw_concat_vec4
    %load/vec4 v0000012718a87f30_0;
    %parti/s 1, 1, 2;
    %load/vec4 v0000012718a872b0_0;
    %parti/s 1, 4, 4;
    %and;
    %concat/vec4; draw_concat_vec4
    %load/vec4 v0000012718a87f30_0;
    %parti/s 1, 0, 2;
    %load/vec4 v0000012718a872b0_0;
    %parti/s 1, 4, 4;
    %and;
    %concat/vec4; draw_concat_vec4
    %concati/vec4 0, 0, 4;
    %ix/load 4, 4, 0;
    %flag_set/imm 4, 0;
    %store/vec4a v0000012718a877b0, 4, 0;
    %load/vec4 v0000012718a87f30_0;
    %parti/s 1, 2, 3;
    %load/vec4 v0000012718a872b0_0;
    %parti/s 1, 5, 4;
    %and;
    %load/vec4 v0000012718a87f30_0;
    %parti/s 1, 1, 2;
    %load/vec4 v0000012718a872b0_0;
    %parti/s 1, 5, 4;
    %and;
    %concat/vec4; draw_concat_vec4
    %load/vec4 v0000012718a87f30_0;
    %parti/s 1, 0, 2;
    %load/vec4 v0000012718a872b0_0;
    %parti/s 1, 5, 4;
    %and;
    %concat/vec4; draw_concat_vec4
    %concati/vec4 0, 0, 5;
    %ix/load 4, 5, 0;
    %flag_set/imm 4, 0;
    %store/vec4a v0000012718a877b0, 4, 0;
    %load/vec4 v0000012718a87f30_0;
    %parti/s 1, 1, 2;
    %load/vec4 v0000012718a872b0_0;
    %parti/s 1, 6, 4;
    %and;
    %load/vec4 v0000012718a87f30_0;
    %parti/s 1, 0, 2;
    %load/vec4 v0000012718a872b0_0;
    %parti/s 1, 6, 4;
    %and;
    %concat/vec4; draw_concat_vec4
    %concati/vec4 0, 0, 6;
    %ix/load 4, 6, 0;
    %flag_set/imm 4, 0;
    %store/vec4a v0000012718a877b0, 4, 0;
    %load/vec4 v0000012718a87f30_0;
    %parti/s 1, 0, 2;
    %load/vec4 v0000012718a872b0_0;
    %parti/s 1, 7, 4;
    %and;
    %concati/vec4 0, 0, 7;
    %ix/load 4, 7, 0;
    %flag_set/imm 4, 0;
    %store/vec4a v0000012718a877b0, 4, 0;
    %ix/load 4, 0, 0;
    %flag_set/imm 4, 0;
    %load/vec4a v0000012718a877b0, 4;
    %ix/load 4, 1, 0;
    %flag_set/imm 4, 0;
    %load/vec4a v0000012718a877b0, 4;
    %add;
    %ix/load 4, 2, 0;
    %flag_set/imm 4, 0;
    %load/vec4a v0000012718a877b0, 4;
    %add;
    %ix/load 4, 3, 0;
    %flag_set/imm 4, 0;
    %load/vec4a v0000012718a877b0, 4;
    %add;
    %ix/load 4, 4, 0;
    %flag_set/imm 4, 0;
    %load/vec4a v0000012718a877b0, 4;
    %add;
    %ix/load 4, 5, 0;
    %flag_set/imm 4, 0;
    %load/vec4a v0000012718a877b0, 4;
    %add;
    %ix/load 4, 6, 0;
    %flag_set/imm 4, 0;
    %load/vec4a v0000012718a877b0, 4;
    %add;
    %ix/load 4, 7, 0;
    %flag_set/imm 4, 0;
    %load/vec4a v0000012718a877b0, 4;
    %add;
    %store/vec4 v0000012718a86bd0_0, 0, 8;
    %jmp T_1;
    .thread T_1, $push;
    .scope S_00000127188ce1c0;
T_2 ;
    %wait E_0000012718a26520;
    %delay 1410065408, 2;
    %load/vec4 v0000012718a87a30_0;
    %dup/vec4;
    %pushi/vec4 0, 0, 4;
    %cmp/u;
    %jmp/1 T_2.0, 6;
    %dup/vec4;
    %pushi/vec4 1, 0, 4;
    %cmp/u;
    %jmp/1 T_2.1, 6;
    %dup/vec4;
    %pushi/vec4 2, 0, 4;
    %cmp/u;
    %jmp/1 T_2.2, 6;
    %dup/vec4;
    %pushi/vec4 3, 0, 4;
    %cmp/u;
    %jmp/1 T_2.3, 6;
    %dup/vec4;
    %pushi/vec4 4, 0, 4;
    %cmp/u;
    %jmp/1 T_2.4, 6;
    %dup/vec4;
    %pushi/vec4 5, 0, 4;
    %cmp/u;
    %jmp/1 T_2.5, 6;
    %dup/vec4;
    %pushi/vec4 6, 0, 4;
    %cmp/u;
    %jmp/1 T_2.6, 6;
    %dup/vec4;
    %pushi/vec4 7, 0, 4;
    %cmp/u;
    %jmp/1 T_2.7, 6;
    %load/vec4 v0000012718a87d50_0;
    %parti/s 1, 7, 4;
    %load/vec4 v0000012718a87d50_0;
    %parti/s 1, 7, 4;
    %concat/vec4; draw_concat_vec4
    %load/vec4 v0000012718a87d50_0;
    %parti/s 1, 7, 4;
    %concat/vec4; draw_concat_vec4
    %load/vec4 v0000012718a87d50_0;
    %parti/s 1, 7, 4;
    %concat/vec4; draw_concat_vec4
    %load/vec4 v0000012718a87d50_0;
    %parti/s 1, 7, 4;
    %concat/vec4; draw_concat_vec4
    %load/vec4 v0000012718a87d50_0;
    %parti/s 1, 7, 4;
    %concat/vec4; draw_concat_vec4
    %load/vec4 v0000012718a87d50_0;
    %parti/s 1, 7, 4;
    %concat/vec4; draw_concat_vec4
    %load/vec4 v0000012718a87d50_0;
    %parti/s 1, 7, 4;
    %concat/vec4; draw_concat_vec4
    %store/vec4 v0000012718a86db0_0, 0, 8;
    %jmp T_2.9;
T_2.0 ;
    %load/vec4 v0000012718a87d50_0;
    %store/vec4 v0000012718a86db0_0, 0, 8;
    %jmp T_2.9;
T_2.1 ;
    %load/vec4 v0000012718a87d50_0;
    %parti/s 1, 7, 4;
    %load/vec4 v0000012718a87d50_0;
    %parti/s 7, 1, 2;
    %concat/vec4; draw_concat_vec4
    %store/vec4 v0000012718a86db0_0, 0, 8;
    %jmp T_2.9;
T_2.2 ;
    %load/vec4 v0000012718a87d50_0;
    %parti/s 1, 7, 4;
    %load/vec4 v0000012718a87d50_0;
    %parti/s 1, 7, 4;
    %concat/vec4; draw_concat_vec4
    %load/vec4 v0000012718a87d50_0;
    %parti/s 6, 2, 3;
    %concat/vec4; draw_concat_vec4
    %store/vec4 v0000012718a86db0_0, 0, 8;
    %jmp T_2.9;
T_2.3 ;
    %load/vec4 v0000012718a87d50_0;
    %parti/s 1, 7, 4;
    %load/vec4 v0000012718a87d50_0;
    %parti/s 1, 7, 4;
    %concat/vec4; draw_concat_vec4
    %load/vec4 v0000012718a87d50_0;
    %parti/s 1, 7, 4;
    %concat/vec4; draw_concat_vec4
    %load/vec4 v0000012718a87d50_0;
    %parti/s 5, 3, 3;
    %concat/vec4; draw_concat_vec4
    %store/vec4 v0000012718a86db0_0, 0, 8;
    %jmp T_2.9;
T_2.4 ;
    %load/vec4 v0000012718a87d50_0;
    %parti/s 1, 7, 4;
    %load/vec4 v0000012718a87d50_0;
    %parti/s 1, 7, 4;
    %concat/vec4; draw_concat_vec4
    %load/vec4 v0000012718a87d50_0;
    %parti/s 1, 7, 4;
    %concat/vec4; draw_concat_vec4
    %load/vec4 v0000012718a87d50_0;
    %parti/s 1, 7, 4;
    %concat/vec4; draw_concat_vec4
    %load/vec4 v0000012718a87d50_0;
    %parti/s 4, 4, 4;
    %concat/vec4; draw_concat_vec4
    %store/vec4 v0000012718a86db0_0, 0, 8;
    %jmp T_2.9;
T_2.5 ;
    %load/vec4 v0000012718a87d50_0;
    %parti/s 1, 7, 4;
    %load/vec4 v0000012718a87d50_0;
    %parti/s 1, 7, 4;
    %concat/vec4; draw_concat_vec4
    %load/vec4 v0000012718a87d50_0;
    %parti/s 1, 7, 4;
    %concat/vec4; draw_concat_vec4
    %load/vec4 v0000012718a87d50_0;
    %parti/s 1, 7, 4;
    %concat/vec4; draw_concat_vec4
    %load/vec4 v0000012718a87d50_0;
    %parti/s 1, 7, 4;
    %concat/vec4; draw_concat_vec4
    %load/vec4 v0000012718a87d50_0;
    %parti/s 3, 5, 4;
    %concat/vec4; draw_concat_vec4
    %store/vec4 v0000012718a86db0_0, 0, 8;
    %jmp T_2.9;
T_2.6 ;
    %load/vec4 v0000012718a87d50_0;
    %parti/s 1, 7, 4;
    %load/vec4 v0000012718a87d50_0;
    %parti/s 1, 7, 4;
    %concat/vec4; draw_concat_vec4
    %load/vec4 v0000012718a87d50_0;
    %parti/s 1, 7, 4;
    %concat/vec4; draw_concat_vec4
    %load/vec4 v0000012718a87d50_0;
    %parti/s 1, 7, 4;
    %concat/vec4; draw_concat_vec4
    %load/vec4 v0000012718a87d50_0;
    %parti/s 1, 7, 4;
    %concat/vec4; draw_concat_vec4
    %load/vec4 v0000012718a87d50_0;
    %parti/s 1, 7, 4;
    %concat/vec4; draw_concat_vec4
    %load/vec4 v0000012718a87d50_0;
    %parti/s 2, 6, 4;
    %concat/vec4; draw_concat_vec4
    %store/vec4 v0000012718a86db0_0, 0, 8;
    %jmp T_2.9;
T_2.7 ;
    %load/vec4 v0000012718a87d50_0;
    %parti/s 1, 7, 4;
    %load/vec4 v0000012718a87d50_0;
    %parti/s 1, 7, 4;
    %concat/vec4; draw_concat_vec4
    %load/vec4 v0000012718a87d50_0;
    %parti/s 1, 7, 4;
    %concat/vec4; draw_concat_vec4
    %load/vec4 v0000012718a87d50_0;
    %parti/s 1, 7, 4;
    %concat/vec4; draw_concat_vec4
    %load/vec4 v0000012718a87d50_0;
    %parti/s 1, 7, 4;
    %concat/vec4; draw_concat_vec4
    %load/vec4 v0000012718a87d50_0;
    %parti/s 1, 7, 4;
    %concat/vec4; draw_concat_vec4
    %load/vec4 v0000012718a87d50_0;
    %parti/s 1, 7, 4;
    %concat/vec4; draw_concat_vec4
    %load/vec4 v0000012718a87d50_0;
    %parti/s 1, 7, 4;
    %concat/vec4; draw_concat_vec4
    %store/vec4 v0000012718a86db0_0, 0, 8;
    %jmp T_2.9;
T_2.9 ;
    %pop/vec4 1;
    %jmp T_2;
    .thread T_2, $push;
    .scope S_00000127188ce350;
T_3 ;
    %wait E_0000012718a26b20;
    %delay 1410065408, 2;
    %load/vec4 v0000012718a884d0_0;
    %dup/vec4;
    %pushi/vec4 0, 0, 4;
    %cmp/u;
    %jmp/1 T_3.0, 6;
    %dup/vec4;
    %pushi/vec4 1, 0, 4;
    %cmp/u;
    %jmp/1 T_3.1, 6;
    %dup/vec4;
    %pushi/vec4 2, 0, 4;
    %cmp/u;
    %jmp/1 T_3.2, 6;
    %dup/vec4;
    %pushi/vec4 3, 0, 4;
    %cmp/u;
    %jmp/1 T_3.3, 6;
    %dup/vec4;
    %pushi/vec4 4, 0, 4;
    %cmp/u;
    %jmp/1 T_3.4, 6;
    %dup/vec4;
    %pushi/vec4 5, 0, 4;
    %cmp/u;
    %jmp/1 T_3.5, 6;
    %dup/vec4;
    %pushi/vec4 6, 0, 4;
    %cmp/u;
    %jmp/1 T_3.6, 6;
    %dup/vec4;
    %pushi/vec4 7, 0, 4;
    %cmp/u;
    %jmp/1 T_3.7, 6;
    %pushi/vec4 0, 0, 8;
    %store/vec4 v0000012718a87ad0_0, 0, 8;
    %jmp T_3.9;
T_3.0 ;
    %load/vec4 v0000012718a86d10_0;
    %store/vec4 v0000012718a87ad0_0, 0, 8;
    %jmp T_3.9;
T_3.1 ;
    %load/vec4 v0000012718a86d10_0;
    %parti/s 1, 0, 2;
    %load/vec4 v0000012718a86d10_0;
    %parti/s 7, 1, 2;
    %concat/vec4; draw_concat_vec4
    %store/vec4 v0000012718a87ad0_0, 0, 8;
    %jmp T_3.9;
T_3.2 ;
    %load/vec4 v0000012718a86d10_0;
    %parti/s 1, 1, 2;
    %load/vec4 v0000012718a86d10_0;
    %parti/s 1, 0, 2;
    %concat/vec4; draw_concat_vec4
    %load/vec4 v0000012718a86d10_0;
    %parti/s 6, 2, 3;
    %concat/vec4; draw_concat_vec4
    %store/vec4 v0000012718a87ad0_0, 0, 8;
    %jmp T_3.9;
T_3.3 ;
    %load/vec4 v0000012718a86d10_0;
    %parti/s 1, 2, 3;
    %load/vec4 v0000012718a86d10_0;
    %parti/s 1, 1, 2;
    %concat/vec4; draw_concat_vec4
    %load/vec4 v0000012718a86d10_0;
    %parti/s 1, 0, 2;
    %concat/vec4; draw_concat_vec4
    %load/vec4 v0000012718a86d10_0;
    %parti/s 5, 3, 3;
    %concat/vec4; draw_concat_vec4
    %store/vec4 v0000012718a87ad0_0, 0, 8;
    %jmp T_3.9;
T_3.4 ;
    %load/vec4 v0000012718a86d10_0;
    %parti/s 1, 3, 3;
    %load/vec4 v0000012718a86d10_0;
    %parti/s 1, 2, 3;
    %concat/vec4; draw_concat_vec4
    %load/vec4 v0000012718a86d10_0;
    %parti/s 1, 1, 2;
    %concat/vec4; draw_concat_vec4
    %load/vec4 v0000012718a86d10_0;
    %parti/s 1, 0, 2;
    %concat/vec4; draw_concat_vec4
    %load/vec4 v0000012718a86d10_0;
    %parti/s 4, 4, 4;
    %concat/vec4; draw_concat_vec4
    %store/vec4 v0000012718a87ad0_0, 0, 8;
    %jmp T_3.9;
T_3.5 ;
    %load/vec4 v0000012718a86d10_0;
    %parti/s 1, 4, 4;
    %load/vec4 v0000012718a86d10_0;
    %parti/s 1, 3, 3;
    %concat/vec4; draw_concat_vec4
    %load/vec4 v0000012718a86d10_0;
    %parti/s 1, 2, 3;
    %concat/vec4; draw_concat_vec4
    %load/vec4 v0000012718a86d10_0;
    %parti/s 1, 1, 2;
    %concat/vec4; draw_concat_vec4
    %load/vec4 v0000012718a86d10_0;
    %parti/s 1, 0, 2;
    %concat/vec4; draw_concat_vec4
    %load/vec4 v0000012718a86d10_0;
    %parti/s 3, 5, 4;
    %concat/vec4; draw_concat_vec4
    %store/vec4 v0000012718a87ad0_0, 0, 8;
    %jmp T_3.9;
T_3.6 ;
    %load/vec4 v0000012718a86d10_0;
    %parti/s 1, 5, 4;
    %load/vec4 v0000012718a86d10_0;
    %parti/s 1, 4, 4;
    %concat/vec4; draw_concat_vec4
    %load/vec4 v0000012718a86d10_0;
    %parti/s 1, 3, 3;
    %concat/vec4; draw_concat_vec4
    %load/vec4 v0000012718a86d10_0;
    %parti/s 1, 2, 3;
    %concat/vec4; draw_concat_vec4
    %load/vec4 v0000012718a86d10_0;
    %parti/s 1, 1, 2;
    %concat/vec4; draw_concat_vec4
    %load/vec4 v0000012718a86d10_0;
    %parti/s 1, 0, 2;
    %concat/vec4; draw_concat_vec4
    %load/vec4 v0000012718a86d10_0;
    %parti/s 2, 6, 4;
    %concat/vec4; draw_concat_vec4
    %store/vec4 v0000012718a87ad0_0, 0, 8;
    %jmp T_3.9;
T_3.7 ;
    %load/vec4 v0000012718a86d10_0;
    %parti/s 1, 6, 4;
    %load/vec4 v0000012718a86d10_0;
    %parti/s 1, 5, 4;
    %concat/vec4; draw_concat_vec4
    %load/vec4 v0000012718a86d10_0;
    %parti/s 1, 4, 4;
    %concat/vec4; draw_concat_vec4
    %load/vec4 v0000012718a86d10_0;
    %parti/s 1, 3, 3;
    %concat/vec4; draw_concat_vec4
    %load/vec4 v0000012718a86d10_0;
    %parti/s 1, 2, 3;
    %concat/vec4; draw_concat_vec4
    %load/vec4 v0000012718a86d10_0;
    %parti/s 1, 1, 2;
    %concat/vec4; draw_concat_vec4
    %load/vec4 v0000012718a86d10_0;
    %parti/s 1, 0, 2;
    %concat/vec4; draw_concat_vec4
    %load/vec4 v0000012718a86d10_0;
    %parti/s 1, 7, 4;
    %concat/vec4; draw_concat_vec4
    %store/vec4 v0000012718a87ad0_0, 0, 8;
    %jmp T_3.9;
T_3.9 ;
    %pop/vec4 1;
    %jmp T_3;
    .thread T_3, $push;
    .scope S_00000127188ce4e0;
T_4 ;
    %wait E_0000012718a25ba0;
    %load/vec4 v0000012718a87170_0;
    %dup/vec4;
    %pushi/vec4 0, 0, 1;
    %cmp/u;
    %jmp/1 T_4.0, 6;
    %dup/vec4;
    %pushi/vec4 1, 0, 1;
    %cmp/u;
    %jmp/1 T_4.1, 6;
    %jmp T_4.2;
T_4.0 ;
    %delay 1410065408, 2;
    %load/vec4 v0000012718a882f0_0;
    %dup/vec4;
    %pushi/vec4 0, 0, 4;
    %cmp/u;
    %jmp/1 T_4.3, 6;
    %dup/vec4;
    %pushi/vec4 1, 0, 4;
    %cmp/u;
    %jmp/1 T_4.4, 6;
    %dup/vec4;
    %pushi/vec4 2, 0, 4;
    %cmp/u;
    %jmp/1 T_4.5, 6;
    %dup/vec4;
    %pushi/vec4 3, 0, 4;
    %cmp/u;
    %jmp/1 T_4.6, 6;
    %dup/vec4;
    %pushi/vec4 4, 0, 4;
    %cmp/u;
    %jmp/1 T_4.7, 6;
    %dup/vec4;
    %pushi/vec4 5, 0, 4;
    %cmp/u;
    %jmp/1 T_4.8, 6;
    %dup/vec4;
    %pushi/vec4 6, 0, 4;
    %cmp/u;
    %jmp/1 T_4.9, 6;
    %dup/vec4;
    %pushi/vec4 7, 0, 4;
    %cmp/u;
    %jmp/1 T_4.10, 6;
    %pushi/vec4 0, 0, 8;
    %store/vec4 v0000012718a870d0_0, 0, 8;
    %jmp T_4.12;
T_4.3 ;
    %load/vec4 v0000012718a87df0_0;
    %store/vec4 v0000012718a870d0_0, 0, 8;
    %jmp T_4.12;
T_4.4 ;
    %load/vec4 v0000012718a87df0_0;
    %parti/s 7, 0, 2;
    %concati/vec4 0, 0, 1;
    %store/vec4 v0000012718a870d0_0, 0, 8;
    %jmp T_4.12;
T_4.5 ;
    %load/vec4 v0000012718a87df0_0;
    %parti/s 6, 0, 2;
    %concati/vec4 0, 0, 2;
    %store/vec4 v0000012718a870d0_0, 0, 8;
    %jmp T_4.12;
T_4.6 ;
    %load/vec4 v0000012718a87df0_0;
    %parti/s 5, 0, 2;
    %concati/vec4 0, 0, 3;
    %store/vec4 v0000012718a870d0_0, 0, 8;
    %jmp T_4.12;
T_4.7 ;
    %load/vec4 v0000012718a87df0_0;
    %parti/s 4, 0, 2;
    %concati/vec4 0, 0, 4;
    %store/vec4 v0000012718a870d0_0, 0, 8;
    %jmp T_4.12;
T_4.8 ;
    %load/vec4 v0000012718a87df0_0;
    %parti/s 3, 0, 2;
    %concati/vec4 0, 0, 5;
    %store/vec4 v0000012718a870d0_0, 0, 8;
    %jmp T_4.12;
T_4.9 ;
    %load/vec4 v0000012718a87df0_0;
    %parti/s 2, 0, 2;
    %concati/vec4 0, 0, 6;
    %store/vec4 v0000012718a870d0_0, 0, 8;
    %jmp T_4.12;
T_4.10 ;
    %load/vec4 v0000012718a87df0_0;
    %parti/s 1, 0, 2;
    %concati/vec4 0, 0, 7;
    %store/vec4 v0000012718a870d0_0, 0, 8;
    %jmp T_4.12;
T_4.12 ;
    %pop/vec4 1;
    %jmp T_4.2;
T_4.1 ;
    %delay 1410065408, 2;
    %load/vec4 v0000012718a882f0_0;
    %dup/vec4;
    %pushi/vec4 0, 0, 4;
    %cmp/u;
    %jmp/1 T_4.13, 6;
    %dup/vec4;
    %pushi/vec4 1, 0, 4;
    %cmp/u;
    %jmp/1 T_4.14, 6;
    %dup/vec4;
    %pushi/vec4 2, 0, 4;
    %cmp/u;
    %jmp/1 T_4.15, 6;
    %dup/vec4;
    %pushi/vec4 3, 0, 4;
    %cmp/u;
    %jmp/1 T_4.16, 6;
    %dup/vec4;
    %pushi/vec4 4, 0, 4;
    %cmp/u;
    %jmp/1 T_4.17, 6;
    %dup/vec4;
    %pushi/vec4 5, 0, 4;
    %cmp/u;
    %jmp/1 T_4.18, 6;
    %dup/vec4;
    %pushi/vec4 6, 0, 4;
    %cmp/u;
    %jmp/1 T_4.19, 6;
    %dup/vec4;
    %pushi/vec4 7, 0, 4;
    %cmp/u;
    %jmp/1 T_4.20, 6;
    %pushi/vec4 0, 0, 8;
    %store/vec4 v0000012718a870d0_0, 0, 8;
    %jmp T_4.22;
T_4.13 ;
    %load/vec4 v0000012718a87df0_0;
    %store/vec4 v0000012718a870d0_0, 0, 8;
    %jmp T_4.22;
T_4.14 ;
    %pushi/vec4 0, 0, 1;
    %load/vec4 v0000012718a87df0_0;
    %parti/s 7, 1, 2;
    %concat/vec4; draw_concat_vec4
    %store/vec4 v0000012718a870d0_0, 0, 8;
    %jmp T_4.22;
T_4.15 ;
    %pushi/vec4 0, 0, 2;
    %load/vec4 v0000012718a87df0_0;
    %parti/s 6, 2, 3;
    %concat/vec4; draw_concat_vec4
    %store/vec4 v0000012718a870d0_0, 0, 8;
    %jmp T_4.22;
T_4.16 ;
    %pushi/vec4 0, 0, 3;
    %load/vec4 v0000012718a87df0_0;
    %parti/s 5, 3, 3;
    %concat/vec4; draw_concat_vec4
    %store/vec4 v0000012718a870d0_0, 0, 8;
    %jmp T_4.22;
T_4.17 ;
    %pushi/vec4 0, 0, 4;
    %load/vec4 v0000012718a87df0_0;
    %parti/s 4, 4, 4;
    %concat/vec4; draw_concat_vec4
    %store/vec4 v0000012718a870d0_0, 0, 8;
    %jmp T_4.22;
T_4.18 ;
    %pushi/vec4 0, 0, 5;
    %load/vec4 v0000012718a87df0_0;
    %parti/s 3, 5, 4;
    %concat/vec4; draw_concat_vec4
    %store/vec4 v0000012718a870d0_0, 0, 8;
    %jmp T_4.22;
T_4.19 ;
    %pushi/vec4 0, 0, 6;
    %load/vec4 v0000012718a87df0_0;
    %parti/s 2, 6, 4;
    %concat/vec4; draw_concat_vec4
    %store/vec4 v0000012718a870d0_0, 0, 8;
    %jmp T_4.22;
T_4.20 ;
    %pushi/vec4 0, 0, 7;
    %load/vec4 v0000012718a87df0_0;
    %parti/s 1, 7, 4;
    %concat/vec4; draw_concat_vec4
    %store/vec4 v0000012718a870d0_0, 0, 8;
    %jmp T_4.22;
T_4.22 ;
    %pop/vec4 1;
    %jmp T_4.2;
T_4.2 ;
    %pop/vec4 1;
    %jmp T_4;
    .thread T_4, $push;
    .scope S_00000127188a01c0;
T_5 ;
    %wait E_0000012718a25da0;
    %load/vec4 v0000012718a875d0_0;
    %dup/vec4;
    %pushi/vec4 0, 0, 3;
    %cmp/u;
    %jmp/1 T_5.0, 6;
    %dup/vec4;
    %pushi/vec4 1, 0, 3;
    %cmp/u;
    %jmp/1 T_5.1, 6;
    %dup/vec4;
    %pushi/vec4 2, 0, 3;
    %cmp/u;
    %jmp/1 T_5.2, 6;
    %dup/vec4;
    %pushi/vec4 3, 0, 3;
    %cmp/u;
    %jmp/1 T_5.3, 6;
    %dup/vec4;
    %pushi/vec4 4, 0, 3;
    %cmp/u;
    %jmp/1 T_5.4, 6;
    %dup/vec4;
    %pushi/vec4 5, 0, 3;
    %cmp/u;
    %jmp/1 T_5.5, 6;
    %dup/vec4;
    %pushi/vec4 6, 0, 3;
    %cmp/u;
    %jmp/1 T_5.6, 6;
    %dup/vec4;
    %pushi/vec4 7, 0, 3;
    %cmp/u;
    %jmp/1 T_5.7, 6;
    %load/vec4 v0000012718a86810_0;
    %store/vec4 v0000012718a86e50_0, 0, 8;
    %jmp T_5.9;
T_5.0 ;
    %load/vec4 v0000012718a88610_0;
    %store/vec4 v0000012718a86e50_0, 0, 8;
    %jmp T_5.9;
T_5.1 ;
    %load/vec4 v0000012718a87210_0;
    %store/vec4 v0000012718a86e50_0, 0, 8;
    %jmp T_5.9;
T_5.2 ;
    %load/vec4 v0000012718a86c70_0;
    %store/vec4 v0000012718a86e50_0, 0, 8;
    %jmp T_5.9;
T_5.3 ;
    %load/vec4 v0000012718a86770_0;
    %store/vec4 v0000012718a86e50_0, 0, 8;
    %jmp T_5.9;
T_5.4 ;
    %load/vec4 v0000012718a873f0_0;
    %store/vec4 v0000012718a86e50_0, 0, 8;
    %jmp T_5.9;
T_5.5 ;
    %load/vec4 v0000012718a87490_0;
    %store/vec4 v0000012718a86e50_0, 0, 8;
    %jmp T_5.9;
T_5.6 ;
    %load/vec4 v0000012718a87530_0;
    %store/vec4 v0000012718a86e50_0, 0, 8;
    %jmp T_5.9;
T_5.7 ;
    %load/vec4 v0000012718a86b30_0;
    %store/vec4 v0000012718a86e50_0, 0, 8;
    %jmp T_5.9;
T_5.9 ;
    %pop/vec4 1;
    %jmp T_5;
    .thread T_5, $push;
    .scope S_0000012718a92c50;
T_6 ;
    %wait E_0000012718a274a0;
    %load/vec4 v0000012718a89900_0;
    %cmpi/e 1, 0, 1;
    %jmp/0xz  T_6.0, 4;
    %load/vec4 v0000012718a888c0_0;
    %store/vec4 v0000012718a89e00_0, 0, 8;
    %jmp T_6.1;
T_6.0 ;
    %load/vec4 v0000012718a897c0_0;
    %store/vec4 v0000012718a89e00_0, 0, 8;
T_6.1 ;
    %jmp T_6;
    .thread T_6, $push;
    .scope S_0000012718a92ac0;
T_7 ;
    %wait E_0000012718a26c60;
    %load/vec4 v0000012718a89cc0_0;
    %cmpi/e 1, 0, 1;
    %jmp/0xz  T_7.0, 4;
    %load/vec4 v0000012718a8a440_0;
    %store/vec4 v0000012718a890e0_0, 0, 8;
    %jmp T_7.1;
T_7.0 ;
    %load/vec4 v0000012718a8a1c0_0;
    %store/vec4 v0000012718a890e0_0, 0, 8;
T_7.1 ;
    %jmp T_7;
    .thread T_7, $push;
    .scope S_00000127188f8b20;
T_8 ;
    %wait E_0000012718a268a0;
    %load/vec4 v000001271893f8c0_0;
    %cmpi/e 1, 0, 1;
    %jmp/0xz  T_8.0, 4;
    %load/vec4 v0000012718a30300_0;
    %store/vec4 v0000012718a303a0_0, 0, 32;
    %jmp T_8.1;
T_8.0 ;
    %load/vec4 v0000012718a310c0_0;
    %store/vec4 v0000012718a303a0_0, 0, 32;
T_8.1 ;
    %jmp T_8;
    .thread T_8, $push;
    .scope S_00000127188be210;
T_9 ;
    %wait E_0000012718a279e0;
    %delay 2820130816, 4;
    %load/vec4 v0000012718a892c0_0;
    %parti/s 1, 7, 4;
    %load/vec4 v0000012718a88be0_0;
    %parti/s 1, 0, 2;
    %and;
    %load/vec4 v0000012718a892c0_0;
    %parti/s 1, 6, 4;
    %load/vec4 v0000012718a88be0_0;
    %parti/s 1, 0, 2;
    %and;
    %concat/vec4; draw_concat_vec4
    %load/vec4 v0000012718a892c0_0;
    %parti/s 1, 5, 4;
    %load/vec4 v0000012718a88be0_0;
    %parti/s 1, 0, 2;
    %and;
    %concat/vec4; draw_concat_vec4
    %load/vec4 v0000012718a892c0_0;
    %parti/s 1, 4, 4;
    %load/vec4 v0000012718a88be0_0;
    %parti/s 1, 0, 2;
    %and;
    %concat/vec4; draw_concat_vec4
    %load/vec4 v0000012718a892c0_0;
    %parti/s 1, 3, 3;
    %load/vec4 v0000012718a88be0_0;
    %parti/s 1, 0, 2;
    %and;
    %concat/vec4; draw_concat_vec4
    %load/vec4 v0000012718a892c0_0;
    %parti/s 1, 2, 3;
    %load/vec4 v0000012718a88be0_0;
    %parti/s 1, 0, 2;
    %and;
    %concat/vec4; draw_concat_vec4
    %load/vec4 v0000012718a892c0_0;
    %parti/s 1, 1, 2;
    %load/vec4 v0000012718a88be0_0;
    %parti/s 1, 0, 2;
    %and;
    %concat/vec4; draw_concat_vec4
    %load/vec4 v0000012718a892c0_0;
    %parti/s 1, 0, 2;
    %load/vec4 v0000012718a88be0_0;
    %parti/s 1, 0, 2;
    %and;
    %concat/vec4; draw_concat_vec4
    %ix/load 4, 0, 0;
    %flag_set/imm 4, 0;
    %store/vec4a v0000012718a89720, 4, 0;
    %load/vec4 v0000012718a892c0_0;
    %parti/s 1, 6, 4;
    %load/vec4 v0000012718a88be0_0;
    %parti/s 1, 1, 2;
    %and;
    %load/vec4 v0000012718a892c0_0;
    %parti/s 1, 5, 4;
    %load/vec4 v0000012718a88be0_0;
    %parti/s 1, 1, 2;
    %and;
    %concat/vec4; draw_concat_vec4
    %load/vec4 v0000012718a892c0_0;
    %parti/s 1, 4, 4;
    %load/vec4 v0000012718a88be0_0;
    %parti/s 1, 1, 2;
    %and;
    %concat/vec4; draw_concat_vec4
    %load/vec4 v0000012718a892c0_0;
    %parti/s 1, 3, 3;
    %load/vec4 v0000012718a88be0_0;
    %parti/s 1, 1, 2;
    %and;
    %concat/vec4; draw_concat_vec4
    %load/vec4 v0000012718a892c0_0;
    %parti/s 1, 2, 3;
    %load/vec4 v0000012718a88be0_0;
    %parti/s 1, 1, 2;
    %and;
    %concat/vec4; draw_concat_vec4
    %load/vec4 v0000012718a892c0_0;
    %parti/s 1, 1, 2;
    %load/vec4 v0000012718a88be0_0;
    %parti/s 1, 1, 2;
    %and;
    %concat/vec4; draw_concat_vec4
    %load/vec4 v0000012718a892c0_0;
    %parti/s 1, 0, 2;
    %load/vec4 v0000012718a88be0_0;
    %parti/s 1, 1, 2;
    %and;
    %concat/vec4; draw_concat_vec4
    %concati/vec4 0, 0, 1;
    %ix/load 4, 1, 0;
    %flag_set/imm 4, 0;
    %store/vec4a v0000012718a89720, 4, 0;
    %load/vec4 v0000012718a892c0_0;
    %parti/s 1, 5, 4;
    %load/vec4 v0000012718a88be0_0;
    %parti/s 1, 2, 3;
    %and;
    %load/vec4 v0000012718a892c0_0;
    %parti/s 1, 4, 4;
    %load/vec4 v0000012718a88be0_0;
    %parti/s 1, 2, 3;
    %and;
    %concat/vec4; draw_concat_vec4
    %load/vec4 v0000012718a892c0_0;
    %parti/s 1, 3, 3;
    %load/vec4 v0000012718a88be0_0;
    %parti/s 1, 2, 3;
    %and;
    %concat/vec4; draw_concat_vec4
    %load/vec4 v0000012718a892c0_0;
    %parti/s 1, 2, 3;
    %load/vec4 v0000012718a88be0_0;
    %parti/s 1, 2, 3;
    %and;
    %concat/vec4; draw_concat_vec4
    %load/vec4 v0000012718a892c0_0;
    %parti/s 1, 1, 2;
    %load/vec4 v0000012718a88be0_0;
    %parti/s 1, 2, 3;
    %and;
    %concat/vec4; draw_concat_vec4
    %load/vec4 v0000012718a892c0_0;
    %parti/s 1, 0, 2;
    %load/vec4 v0000012718a88be0_0;
    %parti/s 1, 2, 3;
    %and;
    %concat/vec4; draw_concat_vec4
    %concati/vec4 0, 0, 2;
    %ix/load 4, 2, 0;
    %flag_set/imm 4, 0;
    %store/vec4a v0000012718a89720, 4, 0;
    %load/vec4 v0000012718a892c0_0;
    %parti/s 1, 4, 4;
    %load/vec4 v0000012718a88be0_0;
    %parti/s 1, 3, 3;
    %and;
    %load/vec4 v0000012718a892c0_0;
    %parti/s 1, 3, 3;
    %load/vec4 v0000012718a88be0_0;
    %parti/s 1, 3, 3;
    %and;
    %concat/vec4; draw_concat_vec4
    %load/vec4 v0000012718a892c0_0;
    %parti/s 1, 2, 3;
    %load/vec4 v0000012718a88be0_0;
    %parti/s 1, 3, 3;
    %and;
    %concat/vec4; draw_concat_vec4
    %load/vec4 v0000012718a892c0_0;
    %parti/s 1, 1, 2;
    %load/vec4 v0000012718a88be0_0;
    %parti/s 1, 3, 3;
    %and;
    %concat/vec4; draw_concat_vec4
    %load/vec4 v0000012718a892c0_0;
    %parti/s 1, 0, 2;
    %load/vec4 v0000012718a88be0_0;
    %parti/s 1, 3, 3;
    %and;
    %concat/vec4; draw_concat_vec4
    %concati/vec4 0, 0, 3;
    %ix/load 4, 3, 0;
    %flag_set/imm 4, 0;
    %store/vec4a v0000012718a89720, 4, 0;
    %load/vec4 v0000012718a892c0_0;
    %parti/s 1, 3, 3;
    %load/vec4 v0000012718a88be0_0;
    %parti/s 1, 4, 4;
    %and;
    %load/vec4 v0000012718a892c0_0;
    %parti/s 1, 2, 3;
    %load/vec4 v0000012718a88be0_0;
    %parti/s 1, 4, 4;
    %and;
    %concat/vec4; draw_concat_vec4
    %load/vec4 v0000012718a892c0_0;
    %parti/s 1, 1, 2;
    %load/vec4 v0000012718a88be0_0;
    %parti/s 1, 4, 4;
    %and;
    %concat/vec4; draw_concat_vec4
    %load/vec4 v0000012718a892c0_0;
    %parti/s 1, 0, 2;
    %load/vec4 v0000012718a88be0_0;
    %parti/s 1, 4, 4;
    %and;
    %concat/vec4; draw_concat_vec4
    %concati/vec4 0, 0, 4;
    %ix/load 4, 4, 0;
    %flag_set/imm 4, 0;
    %store/vec4a v0000012718a89720, 4, 0;
    %load/vec4 v0000012718a892c0_0;
    %parti/s 1, 2, 3;
    %load/vec4 v0000012718a88be0_0;
    %parti/s 1, 5, 4;
    %and;
    %load/vec4 v0000012718a892c0_0;
    %parti/s 1, 1, 2;
    %load/vec4 v0000012718a88be0_0;
    %parti/s 1, 5, 4;
    %and;
    %concat/vec4; draw_concat_vec4
    %load/vec4 v0000012718a892c0_0;
    %parti/s 1, 0, 2;
    %load/vec4 v0000012718a88be0_0;
    %parti/s 1, 5, 4;
    %and;
    %concat/vec4; draw_concat_vec4
    %concati/vec4 0, 0, 5;
    %ix/load 4, 5, 0;
    %flag_set/imm 4, 0;
    %store/vec4a v0000012718a89720, 4, 0;
    %load/vec4 v0000012718a892c0_0;
    %parti/s 1, 1, 2;
    %load/vec4 v0000012718a88be0_0;
    %parti/s 1, 6, 4;
    %and;
    %load/vec4 v0000012718a892c0_0;
    %parti/s 1, 0, 2;
    %load/vec4 v0000012718a88be0_0;
    %parti/s 1, 6, 4;
    %and;
    %concat/vec4; draw_concat_vec4
    %concati/vec4 0, 0, 6;
    %ix/load 4, 6, 0;
    %flag_set/imm 4, 0;
    %store/vec4a v0000012718a89720, 4, 0;
    %load/vec4 v0000012718a892c0_0;
    %parti/s 1, 0, 2;
    %load/vec4 v0000012718a88be0_0;
    %parti/s 1, 7, 4;
    %and;
    %concati/vec4 0, 0, 7;
    %ix/load 4, 7, 0;
    %flag_set/imm 4, 0;
    %store/vec4a v0000012718a89720, 4, 0;
    %ix/load 4, 0, 0;
    %flag_set/imm 4, 0;
    %load/vec4a v0000012718a89720, 4;
    %ix/load 4, 1, 0;
    %flag_set/imm 4, 0;
    %load/vec4a v0000012718a89720, 4;
    %add;
    %ix/load 4, 2, 0;
    %flag_set/imm 4, 0;
    %load/vec4a v0000012718a89720, 4;
    %add;
    %ix/load 4, 3, 0;
    %flag_set/imm 4, 0;
    %load/vec4a v0000012718a89720, 4;
    %add;
    %ix/load 4, 4, 0;
    %flag_set/imm 4, 0;
    %load/vec4a v0000012718a89720, 4;
    %add;
    %ix/load 4, 5, 0;
    %flag_set/imm 4, 0;
    %load/vec4a v0000012718a89720, 4;
    %add;
    %ix/load 4, 6, 0;
    %flag_set/imm 4, 0;
    %load/vec4a v0000012718a89720, 4;
    %add;
    %ix/load 4, 7, 0;
    %flag_set/imm 4, 0;
    %load/vec4a v0000012718a89720, 4;
    %add;
    %store/vec4 v0000012718a88dc0_0, 0, 8;
    %jmp T_9;
    .thread T_9, $push;
    .scope S_0000012718a93290;
T_10 ;
    %wait E_0000012718a26c20;
    %load/vec4 v0000012718a88a00_0;
    %cmpi/e 1, 0, 1;
    %jmp/0xz  T_10.0, 4;
    %load/vec4 v0000012718a89fe0_0;
    %store/vec4 v0000012718a89680_0, 0, 8;
    %jmp T_10.1;
T_10.0 ;
    %load/vec4 v0000012718a895e0_0;
    %store/vec4 v0000012718a89680_0, 0, 8;
T_10.1 ;
    %jmp T_10;
    .thread T_10, $push;
    .scope S_00000127188c5740;
T_11 ;
    %pushi/vec4 0, 0, 1;
    %store/vec4 v0000012718a94930_0, 0, 1;
    %pushi/vec4 0, 0, 1;
    %store/vec4 v0000012718a950b0_0, 0, 1;
    %end;
    .thread T_11;
    .scope S_00000127188c5740;
T_12 ;
    %wait E_0000012718a26820;
    %load/vec4 v0000012718a951f0_0;
    %cmpi/e 1, 0, 1;
    %jmp/0xz  T_12.0, 4;
    %delay 1410065408, 2;
    %pushi/vec4 0, 0, 32;
    %store/vec4 v0000012718a94890_0, 0, 32;
    %pushi/vec4 0, 0, 32;
    %store/vec4 v0000012718a941b0_0, 0, 32;
    %jmp T_12.1;
T_12.0 ;
    %load/vec4 v0000012718a94d90_0;
    %cmpi/e 1, 0, 1;
    %jmp/0xz  T_12.2, 4;
    %jmp T_12.3;
T_12.2 ;
    %delay 1410065408, 2;
    %load/vec4 v0000012718a95470_0;
    %store/vec4 v0000012718a94890_0, 0, 32;
T_12.3 ;
T_12.1 ;
    %jmp T_12;
    .thread T_12;
    .scope S_00000127188c5740;
T_13 ;
    %wait E_0000012718a269a0;
    %delay 1410065408, 2;
    %load/vec4 v0000012718a941b0_0;
    %addi 4, 0, 32;
    %store/vec4 v0000012718a941b0_0, 0, 32;
    %jmp T_13;
    .thread T_13, $push;
    .scope S_00000127188c5740;
T_14 ;
    %wait E_0000012718a25ca0;
    %load/vec4 v0000012718a94e30_0;
    %parti/s 8, 24, 6;
    %store/vec4 v0000012718a93c10_0, 0, 8;
    %delay 1410065408, 2;
    %load/vec4 v0000012718a93c10_0;
    %dup/vec4;
    %pushi/vec4 0, 0, 8;
    %cmp/u;
    %jmp/1 T_14.0, 6;
    %dup/vec4;
    %pushi/vec4 1, 0, 8;
    %cmp/u;
    %jmp/1 T_14.1, 6;
    %dup/vec4;
    %pushi/vec4 2, 0, 8;
    %cmp/u;
    %jmp/1 T_14.2, 6;
    %dup/vec4;
    %pushi/vec4 3, 0, 8;
    %cmp/u;
    %jmp/1 T_14.3, 6;
    %dup/vec4;
    %pushi/vec4 4, 0, 8;
    %cmp/u;
    %jmp/1 T_14.4, 6;
    %dup/vec4;
    %pushi/vec4 5, 0, 8;
    %cmp/u;
    %jmp/1 T_14.5, 6;
    %dup/vec4;
    %pushi/vec4 6, 0, 8;
    %cmp/u;
    %jmp/1 T_14.6, 6;
    %dup/vec4;
    %pushi/vec4 7, 0, 8;
    %cmp/u;
    %jmp/1 T_14.7, 6;
    %dup/vec4;
    %pushi/vec4 8, 0, 8;
    %cmp/u;
    %jmp/1 T_14.8, 6;
    %dup/vec4;
    %pushi/vec4 9, 0, 8;
    %cmp/u;
    %jmp/1 T_14.9, 6;
    %dup/vec4;
    %pushi/vec4 10, 0, 8;
    %cmp/u;
    %jmp/1 T_14.10, 6;
    %dup/vec4;
    %pushi/vec4 11, 0, 8;
    %cmp/u;
    %jmp/1 T_14.11, 6;
    %dup/vec4;
    %pushi/vec4 12, 0, 8;
    %cmp/u;
    %jmp/1 T_14.12, 6;
    %dup/vec4;
    %pushi/vec4 13, 0, 8;
    %cmp/u;
    %jmp/1 T_14.13, 6;
    %dup/vec4;
    %pushi/vec4 14, 0, 8;
    %cmp/u;
    %jmp/1 T_14.14, 6;
    %dup/vec4;
    %pushi/vec4 15, 0, 8;
    %cmp/u;
    %jmp/1 T_14.15, 6;
    %dup/vec4;
    %pushi/vec4 16, 0, 8;
    %cmp/u;
    %jmp/1 T_14.16, 6;
    %dup/vec4;
    %pushi/vec4 17, 0, 8;
    %cmp/u;
    %jmp/1 T_14.17, 6;
    %jmp T_14.18;
T_14.0 ;
    %pushi/vec4 0, 0, 3;
    %store/vec4 v0000012718a937b0_0, 0, 3;
    %pushi/vec4 1, 0, 1;
    %store/vec4 v0000012718a93cb0_0, 0, 1;
    %pushi/vec4 0, 0, 1;
    %store/vec4 v0000012718a96a50_0, 0, 1;
    %pushi/vec4 1, 0, 1;
    %store/vec4 v0000012718a94390_0, 0, 1;
    %pushi/vec4 0, 0, 2;
    %store/vec4 v0000012718a93b70_0, 0, 2;
    %pushi/vec4 0, 0, 1;
    %store/vec4 v0000012718a950b0_0, 0, 1;
    %jmp T_14.18;
T_14.1 ;
    %pushi/vec4 0, 0, 3;
    %store/vec4 v0000012718a937b0_0, 0, 3;
    %pushi/vec4 0, 0, 1;
    %store/vec4 v0000012718a93cb0_0, 0, 1;
    %pushi/vec4 0, 0, 1;
    %store/vec4 v0000012718a96a50_0, 0, 1;
    %pushi/vec4 1, 0, 1;
    %store/vec4 v0000012718a94390_0, 0, 1;
    %pushi/vec4 0, 0, 2;
    %store/vec4 v0000012718a93b70_0, 0, 2;
    %pushi/vec4 0, 0, 1;
    %store/vec4 v0000012718a950b0_0, 0, 1;
    %jmp T_14.18;
T_14.2 ;
    %pushi/vec4 1, 0, 3;
    %store/vec4 v0000012718a937b0_0, 0, 3;
    %pushi/vec4 0, 0, 1;
    %store/vec4 v0000012718a93cb0_0, 0, 1;
    %pushi/vec4 0, 0, 1;
    %store/vec4 v0000012718a96a50_0, 0, 1;
    %pushi/vec4 1, 0, 1;
    %store/vec4 v0000012718a94390_0, 0, 1;
    %pushi/vec4 0, 0, 2;
    %store/vec4 v0000012718a93b70_0, 0, 2;
    %pushi/vec4 0, 0, 1;
    %store/vec4 v0000012718a950b0_0, 0, 1;
    %jmp T_14.18;
T_14.3 ;
    %pushi/vec4 1, 0, 3;
    %store/vec4 v0000012718a937b0_0, 0, 3;
    %pushi/vec4 0, 0, 1;
    %store/vec4 v0000012718a93cb0_0, 0, 1;
    %pushi/vec4 1, 0, 1;
    %store/vec4 v0000012718a96a50_0, 0, 1;
    %pushi/vec4 1, 0, 1;
    %store/vec4 v0000012718a94390_0, 0, 1;
    %pushi/vec4 0, 0, 2;
    %store/vec4 v0000012718a93b70_0, 0, 2;
    %pushi/vec4 0, 0, 1;
    %store/vec4 v0000012718a950b0_0, 0, 1;
    %jmp T_14.18;
T_14.4 ;
    %pushi/vec4 2, 0, 3;
    %store/vec4 v0000012718a937b0_0, 0, 3;
    %pushi/vec4 0, 0, 1;
    %store/vec4 v0000012718a93cb0_0, 0, 1;
    %pushi/vec4 0, 0, 1;
    %store/vec4 v0000012718a96a50_0, 0, 1;
    %pushi/vec4 1, 0, 1;
    %store/vec4 v0000012718a94390_0, 0, 1;
    %pushi/vec4 0, 0, 2;
    %store/vec4 v0000012718a93b70_0, 0, 2;
    %pushi/vec4 0, 0, 1;
    %store/vec4 v0000012718a950b0_0, 0, 1;
    %jmp T_14.18;
T_14.5 ;
    %pushi/vec4 3, 0, 3;
    %store/vec4 v0000012718a937b0_0, 0, 3;
    %pushi/vec4 0, 0, 1;
    %store/vec4 v0000012718a93cb0_0, 0, 1;
    %pushi/vec4 0, 0, 1;
    %store/vec4 v0000012718a96a50_0, 0, 1;
    %pushi/vec4 1, 0, 1;
    %store/vec4 v0000012718a94390_0, 0, 1;
    %pushi/vec4 0, 0, 2;
    %store/vec4 v0000012718a93b70_0, 0, 2;
    %pushi/vec4 0, 0, 1;
    %store/vec4 v0000012718a950b0_0, 0, 1;
    %jmp T_14.18;
T_14.6 ;
    %pushi/vec4 0, 0, 1;
    %store/vec4 v0000012718a94390_0, 0, 1;
    %pushi/vec4 1, 0, 2;
    %store/vec4 v0000012718a93b70_0, 0, 2;
    %pushi/vec4 0, 0, 1;
    %store/vec4 v0000012718a950b0_0, 0, 1;
    %jmp T_14.18;
T_14.7 ;
    %pushi/vec4 1, 0, 3;
    %store/vec4 v0000012718a937b0_0, 0, 3;
    %pushi/vec4 0, 0, 1;
    %store/vec4 v0000012718a94390_0, 0, 1;
    %pushi/vec4 1, 0, 1;
    %store/vec4 v0000012718a93cb0_0, 0, 1;
    %pushi/vec4 1, 0, 1;
    %store/vec4 v0000012718a96a50_0, 0, 1;
    %pushi/vec4 2, 0, 2;
    %store/vec4 v0000012718a93b70_0, 0, 2;
    %pushi/vec4 0, 0, 1;
    %store/vec4 v0000012718a950b0_0, 0, 1;
    %jmp T_14.18;
T_14.8 ;
    %pushi/vec4 4, 0, 3;
    %store/vec4 v0000012718a937b0_0, 0, 3;
    %pushi/vec4 1, 0, 1;
    %store/vec4 v0000012718a94390_0, 0, 1;
    %pushi/vec4 0, 0, 1;
    %store/vec4 v0000012718a93cb0_0, 0, 1;
    %pushi/vec4 0, 0, 1;
    %store/vec4 v0000012718a96a50_0, 0, 1;
    %pushi/vec4 0, 0, 2;
    %store/vec4 v0000012718a93b70_0, 0, 2;
    %pushi/vec4 0, 0, 1;
    %store/vec4 v0000012718a950b0_0, 0, 1;
    %jmp T_14.18;
T_14.9 ;
    %pushi/vec4 1, 0, 3;
    %store/vec4 v0000012718a937b0_0, 0, 3;
    %pushi/vec4 0, 0, 1;
    %store/vec4 v0000012718a94390_0, 0, 1;
    %pushi/vec4 1, 0, 1;
    %store/vec4 v0000012718a93cb0_0, 0, 1;
    %pushi/vec4 1, 0, 1;
    %store/vec4 v0000012718a96a50_0, 0, 1;
    %pushi/vec4 3, 0, 2;
    %store/vec4 v0000012718a93b70_0, 0, 2;
    %pushi/vec4 0, 0, 1;
    %store/vec4 v0000012718a950b0_0, 0, 1;
    %jmp T_14.18;
T_14.10 ;
    %pushi/vec4 5, 0, 3;
    %store/vec4 v0000012718a937b0_0, 0, 3;
    %pushi/vec4 1, 0, 1;
    %store/vec4 v0000012718a94390_0, 0, 1;
    %pushi/vec4 0, 0, 1;
    %store/vec4 v0000012718a93cb0_0, 0, 1;
    %pushi/vec4 0, 0, 1;
    %store/vec4 v0000012718a96a50_0, 0, 1;
    %pushi/vec4 0, 0, 2;
    %store/vec4 v0000012718a93b70_0, 0, 2;
    %pushi/vec4 0, 0, 1;
    %store/vec4 v0000012718a950b0_0, 0, 1;
    %jmp T_14.18;
T_14.11 ;
    %pushi/vec4 6, 0, 3;
    %store/vec4 v0000012718a937b0_0, 0, 3;
    %pushi/vec4 1, 0, 1;
    %store/vec4 v0000012718a94390_0, 0, 1;
    %pushi/vec4 0, 0, 1;
    %store/vec4 v0000012718a93cb0_0, 0, 1;
    %pushi/vec4 0, 0, 1;
    %store/vec4 v0000012718a96a50_0, 0, 1;
    %pushi/vec4 0, 0, 2;
    %store/vec4 v0000012718a93b70_0, 0, 2;
    %pushi/vec4 0, 0, 1;
    %store/vec4 v0000012718a950b0_0, 0, 1;
    %jmp T_14.18;
T_14.12 ;
    %pushi/vec4 7, 0, 3;
    %store/vec4 v0000012718a937b0_0, 0, 3;
    %pushi/vec4 1, 0, 1;
    %store/vec4 v0000012718a94390_0, 0, 1;
    %pushi/vec4 0, 0, 1;
    %store/vec4 v0000012718a93cb0_0, 0, 1;
    %pushi/vec4 0, 0, 1;
    %store/vec4 v0000012718a96a50_0, 0, 1;
    %pushi/vec4 0, 0, 2;
    %store/vec4 v0000012718a93b70_0, 0, 2;
    %pushi/vec4 0, 0, 1;
    %store/vec4 v0000012718a950b0_0, 0, 1;
    %jmp T_14.18;
T_14.13 ;
    %pushi/vec4 7, 0, 3;
    %store/vec4 v0000012718a937b0_0, 0, 3;
    %pushi/vec4 1, 0, 1;
    %store/vec4 v0000012718a94390_0, 0, 1;
    %pushi/vec4 0, 0, 1;
    %store/vec4 v0000012718a93cb0_0, 0, 1;
    %pushi/vec4 0, 0, 1;
    %store/vec4 v0000012718a96a50_0, 0, 1;
    %pushi/vec4 0, 0, 2;
    %store/vec4 v0000012718a93b70_0, 0, 2;
    %pushi/vec4 1, 0, 1;
    %store/vec4 v0000012718a94930_0, 0, 1;
    %pushi/vec4 0, 0, 1;
    %store/vec4 v0000012718a950b0_0, 0, 1;
    %jmp T_14.18;
T_14.14 ;
    %pushi/vec4 1, 0, 1;
    %store/vec4 v0000012718a94390_0, 0, 1;
    %pushi/vec4 0, 0, 1;
    %store/vec4 v0000012718a96a50_0, 0, 1;
    %pushi/vec4 0, 0, 1;
    %store/vec4 v0000012718a93cb0_0, 0, 1;
    %pushi/vec4 0, 0, 3;
    %store/vec4 v0000012718a937b0_0, 0, 3;
    %pushi/vec4 0, 0, 2;
    %store/vec4 v0000012718a93b70_0, 0, 2;
    %pushi/vec4 1, 0, 1;
    %store/vec4 v0000012718a94a70_0, 0, 1;
    %pushi/vec4 0, 0, 1;
    %store/vec4 v0000012718a94b10_0, 0, 1;
    %pushi/vec4 1, 0, 1;
    %store/vec4 v0000012718a950b0_0, 0, 1;
    %jmp T_14.18;
T_14.15 ;
    %pushi/vec4 1, 0, 1;
    %store/vec4 v0000012718a94390_0, 0, 1;
    %pushi/vec4 0, 0, 1;
    %store/vec4 v0000012718a96a50_0, 0, 1;
    %pushi/vec4 1, 0, 1;
    %store/vec4 v0000012718a93cb0_0, 0, 1;
    %pushi/vec4 0, 0, 3;
    %store/vec4 v0000012718a937b0_0, 0, 3;
    %pushi/vec4 0, 0, 2;
    %store/vec4 v0000012718a93b70_0, 0, 2;
    %pushi/vec4 1, 0, 1;
    %store/vec4 v0000012718a94a70_0, 0, 1;
    %pushi/vec4 0, 0, 1;
    %store/vec4 v0000012718a94b10_0, 0, 1;
    %pushi/vec4 1, 0, 1;
    %store/vec4 v0000012718a950b0_0, 0, 1;
    %jmp T_14.18;
T_14.16 ;
    %pushi/vec4 1, 0, 1;
    %store/vec4 v0000012718a94390_0, 0, 1;
    %pushi/vec4 0, 0, 1;
    %store/vec4 v0000012718a96a50_0, 0, 1;
    %pushi/vec4 0, 0, 1;
    %store/vec4 v0000012718a93cb0_0, 0, 1;
    %pushi/vec4 0, 0, 3;
    %store/vec4 v0000012718a937b0_0, 0, 3;
    %pushi/vec4 0, 0, 2;
    %store/vec4 v0000012718a93b70_0, 0, 2;
    %pushi/vec4 1, 0, 1;
    %store/vec4 v0000012718a94b10_0, 0, 1;
    %pushi/vec4 0, 0, 1;
    %store/vec4 v0000012718a94a70_0, 0, 1;
    %pushi/vec4 0, 0, 1;
    %store/vec4 v0000012718a950b0_0, 0, 1;
    %jmp T_14.18;
T_14.17 ;
    %pushi/vec4 1, 0, 1;
    %store/vec4 v0000012718a94390_0, 0, 1;
    %pushi/vec4 0, 0, 1;
    %store/vec4 v0000012718a96a50_0, 0, 1;
    %pushi/vec4 1, 0, 1;
    %store/vec4 v0000012718a93cb0_0, 0, 1;
    %pushi/vec4 0, 0, 3;
    %store/vec4 v0000012718a937b0_0, 0, 3;
    %pushi/vec4 0, 0, 2;
    %store/vec4 v0000012718a93b70_0, 0, 2;
    %pushi/vec4 1, 0, 1;
    %store/vec4 v0000012718a94b10_0, 0, 1;
    %pushi/vec4 0, 0, 1;
    %store/vec4 v0000012718a94a70_0, 0, 1;
    %pushi/vec4 0, 0, 1;
    %store/vec4 v0000012718a950b0_0, 0, 1;
    %jmp T_14.18;
T_14.18 ;
    %pop/vec4 1;
    %jmp T_14;
    .thread T_14, $push;
    .scope S_00000127188c5740;
T_15 ;
    %wait E_0000012718a26360;
    %load/vec4 v0000012718a94d90_0;
    %inv;
    %flag_set/vec4 8;
    %jmp/0xz  T_15.0, 8;
    %pushi/vec4 0, 0, 1;
    %store/vec4 v0000012718a94a70_0, 0, 1;
    %pushi/vec4 0, 0, 1;
    %store/vec4 v0000012718a94b10_0, 0, 1;
T_15.0 ;
    %jmp T_15;
    .thread T_15, $push;
    .scope S_00000127188c55b0;
T_16 ;
    %wait E_0000012718a26860;
    %pushi/vec4 1, 0, 1;
    %store/vec4 v0000012718a30800_0, 0, 1;
    %delay 10, 0;
    %load/vec4 v0000012718a313e0_0;
    %load/vec4 v0000012718a30da0_0;
    %nor/r;
    %and;
    %flag_set/vec4 8;
    %jmp/0 T_16.0, 8;
    %pushi/vec4 1, 0, 2;
    %jmp/1 T_16.1, 8;
T_16.0 ; End of true expr.
    %pushi/vec4 0, 0, 2;
    %jmp/0 T_16.1, 8;
 ; End of false expr.
    %blend;
T_16.1;
    %pad/s 1;
    %store/vec4 v0000012718a31020_0, 0, 1;
    %load/vec4 v0000012718a313e0_0;
    %nor/r;
    %load/vec4 v0000012718a30da0_0;
    %and;
    %flag_set/vec4 8;
    %jmp/0 T_16.2, 8;
    %pushi/vec4 1, 0, 2;
    %jmp/1 T_16.3, 8;
T_16.2 ; End of true expr.
    %pushi/vec4 0, 0, 2;
    %jmp/0 T_16.3, 8;
 ; End of false expr.
    %blend;
T_16.3;
    %pad/s 1;
    %store/vec4 v0000012718a31840_0, 0, 1;
    %jmp T_16;
    .thread T_16;
    .scope S_00000127188c55b0;
T_17 ;
    %wait E_0000012718a25fe0;
    %load/vec4 v0000012718a31020_0;
    %flag_set/vec4 8;
    %load/vec4 v0000012718a31840_0;
    %flag_set/vec4 9;
    %flag_or 9, 8;
    %jmp/0xz  T_17.0, 9;
    %delay 10, 0;
    %load/vec4 v0000012718a30620_0;
    %pad/u 5;
    %ix/vec4 4;
    %load/vec4a v0000012718a30c60, 4;
    %store/vec4 v0000012718a30120_0, 0, 3;
    %load/vec4 v0000012718a301c0_0;
    %load/vec4 v0000012718a30620_0;
    %part/u 1;
    %store/vec4 v0000012718a30d00_0, 0, 1;
    %load/vec4 v0000012718a31480_0;
    %load/vec4 v0000012718a30620_0;
    %part/u 1;
    %store/vec4 v0000012718a31700_0, 0, 1;
    %pushi/vec4 1, 0, 1;
    %store/vec4 v0000012718a30760_0, 0, 1;
T_17.0 ;
    %jmp T_17;
    .thread T_17;
    .scope S_00000127188c55b0;
T_18 ;
    %wait E_0000012718a262a0;
    %delay 10, 0;
    %load/vec4 v0000012718a30940_0;
    %dup/vec4;
    %pushi/vec4 0, 0, 2;
    %cmp/u;
    %jmp/1 T_18.0, 6;
    %dup/vec4;
    %pushi/vec4 1, 0, 2;
    %cmp/u;
    %jmp/1 T_18.1, 6;
    %dup/vec4;
    %pushi/vec4 2, 0, 2;
    %cmp/u;
    %jmp/1 T_18.2, 6;
    %dup/vec4;
    %pushi/vec4 3, 0, 2;
    %cmp/u;
    %jmp/1 T_18.3, 6;
    %jmp T_18.4;
T_18.0 ;
    %load/vec4 v0000012718a30620_0;
    %pad/u 5;
    %ix/vec4 4;
    %load/vec4a v0000012718a312a0, 4;
    %parti/s 8, 0, 2;
    %store/vec4 v0000012718a30a80_0, 0, 8;
    %jmp T_18.4;
T_18.1 ;
    %load/vec4 v0000012718a30620_0;
    %pad/u 5;
    %ix/vec4 4;
    %load/vec4a v0000012718a312a0, 4;
    %parti/s 8, 8, 5;
    %store/vec4 v0000012718a30a80_0, 0, 8;
    %jmp T_18.4;
T_18.2 ;
    %load/vec4 v0000012718a30620_0;
    %pad/u 5;
    %ix/vec4 4;
    %load/vec4a v0000012718a312a0, 4;
    %parti/s 8, 16, 6;
    %store/vec4 v0000012718a30a80_0, 0, 8;
    %jmp T_18.4;
T_18.3 ;
    %load/vec4 v0000012718a30620_0;
    %pad/u 5;
    %ix/vec4 4;
    %load/vec4a v0000012718a312a0, 4;
    %parti/s 8, 24, 6;
    %store/vec4 v0000012718a30a80_0, 0, 8;
    %jmp T_18.4;
T_18.4 ;
    %pop/vec4 1;
    %jmp T_18;
    .thread T_18;
    .scope S_00000127188c55b0;
T_19 ;
    %wait E_0000012718a26260;
    %pushi/vec4 0, 0, 1;
    %store/vec4 v0000012718a30760_0, 0, 1;
    %load/vec4 v0000012718a30d00_0;
    %load/vec4 v0000012718a30bc0_0;
    %load/vec4 v0000012718a30120_0;
    %cmp/e;
    %flag_get/vec4 4;
    %and;
    %flag_set/vec4 8;
    %jmp/0xz  T_19.0, 8;
    %delay 9, 0;
    %pushi/vec4 1, 0, 1;
    %store/vec4 v0000012718a30080_0, 0, 1;
    %pushi/vec4 0, 0, 1;
    %store/vec4 v0000012718a30800_0, 0, 1;
    %pushi/vec4 0, 0, 1;
    %store/vec4 v0000012718a31020_0, 0, 1;
    %jmp T_19.1;
T_19.0 ;
    %load/vec4 v0000012718a30d00_0;
    %nor/r;
    %flag_set/vec4 8;
    %load/vec4 v0000012718a30bc0_0;
    %load/vec4 v0000012718a30120_0;
    %cmp/ne;
    %flag_or 4, 8;
    %jmp/0xz  T_19.2, 4;
    %delay 9, 0;
    %pushi/vec4 0, 0, 1;
    %store/vec4 v0000012718a30080_0, 0, 1;
    %load/vec4 v0000012718a31700_0;
    %flag_set/vec4 8;
    %jmp/0xz  T_19.4, 8;
    %pushi/vec4 1, 0, 1;
    %store/vec4 v0000012718a308a0_0, 0, 1;
    %load/vec4 v0000012718a30120_0;
    %load/vec4 v0000012718a30620_0;
    %concat/vec4; draw_concat_vec4
    %store/vec4 v0000012718a306c0_0, 0, 6;
    %load/vec4 v0000012718a30620_0;
    %pad/u 5;
    %ix/vec4 4;
    %load/vec4a v0000012718a312a0, 4;
    %store/vec4 v0000012718a309e0_0, 0, 32;
    %jmp T_19.5;
T_19.4 ;
    %pushi/vec4 1, 0, 1;
    %store/vec4 v0000012718a318e0_0, 0, 1;
    %load/vec4 v0000012718a30bc0_0;
    %load/vec4 v0000012718a30620_0;
    %concat/vec4; draw_concat_vec4
    %store/vec4 v0000012718a306c0_0, 0, 6;
T_19.5 ;
T_19.2 ;
T_19.1 ;
    %jmp T_19;
    .thread T_19;
    .scope S_00000127188c55b0;
T_20 ;
    %wait E_0000012718a26820;
    %load/vec4 v0000012718a30080_0;
    %load/vec4 v0000012718a31840_0;
    %and;
    %flag_set/vec4 8;
    %jmp/0xz  T_20.0, 8;
    %load/vec4 v0000012718a30940_0;
    %dup/vec4;
    %pushi/vec4 0, 0, 2;
    %cmp/u;
    %jmp/1 T_20.2, 6;
    %dup/vec4;
    %pushi/vec4 1, 0, 2;
    %cmp/u;
    %jmp/1 T_20.3, 6;
    %dup/vec4;
    %pushi/vec4 2, 0, 2;
    %cmp/u;
    %jmp/1 T_20.4, 6;
    %dup/vec4;
    %pushi/vec4 3, 0, 2;
    %cmp/u;
    %jmp/1 T_20.5, 6;
    %jmp T_20.6;
T_20.2 ;
    %load/vec4 v0000012718a30e40_0;
    %load/vec4 v0000012718a30620_0;
    %pad/u 5;
    %ix/vec4 4;
    %flag_mov 8, 4;
    %ix/load 5, 0, 0;
    %flag_set/imm 4, 0;
    %flag_or 4, 8;
    %store/vec4a v0000012718a312a0, 4, 5;
    %jmp T_20.6;
T_20.3 ;
    %load/vec4 v0000012718a30e40_0;
    %load/vec4 v0000012718a30620_0;
    %pad/u 5;
    %ix/vec4 4;
    %flag_mov 8, 4;
    %ix/load 5, 8, 0;
    %flag_set/imm 4, 0;
    %flag_or 4, 8;
    %store/vec4a v0000012718a312a0, 4, 5;
    %jmp T_20.6;
T_20.4 ;
    %load/vec4 v0000012718a30e40_0;
    %load/vec4 v0000012718a30620_0;
    %pad/u 5;
    %ix/vec4 4;
    %flag_mov 8, 4;
    %ix/load 5, 16, 0;
    %flag_set/imm 4, 0;
    %flag_or 4, 8;
    %store/vec4a v0000012718a312a0, 4, 5;
    %jmp T_20.6;
T_20.5 ;
    %load/vec4 v0000012718a30e40_0;
    %load/vec4 v0000012718a30620_0;
    %pad/u 5;
    %ix/vec4 4;
    %flag_mov 8, 4;
    %ix/load 5, 24, 0;
    %flag_set/imm 4, 0;
    %flag_or 4, 8;
    %store/vec4a v0000012718a312a0, 4, 5;
    %jmp T_20.6;
T_20.6 ;
    %pop/vec4 1;
    %pushi/vec4 0, 0, 1;
    %store/vec4 v0000012718a31840_0, 0, 1;
    %pushi/vec4 1, 0, 1;
    %ix/getv 4, v0000012718a30620_0;
    %store/vec4 v0000012718a31480_0, 4, 1;
T_20.0 ;
    %jmp T_20;
    .thread T_20;
    .scope S_00000127188c55b0;
T_21 ;
    %wait E_0000012718a267e0;
    %load/vec4 v0000012718a31160_0;
    %load/vec4 v0000012718a30620_0;
    %pad/u 5;
    %ix/vec4 4;
    %store/vec4a v0000012718a312a0, 4, 0;
    %pushi/vec4 1, 0, 1;
    %ix/getv 4, v0000012718a30620_0;
    %store/vec4 v0000012718a301c0_0, 4, 1;
    %pushi/vec4 0, 0, 1;
    %ix/getv 4, v0000012718a30620_0;
    %store/vec4 v0000012718a31480_0, 4, 1;
    %load/vec4 v0000012718a30bc0_0;
    %load/vec4 v0000012718a30620_0;
    %pad/u 5;
    %ix/vec4 4;
    %store/vec4a v0000012718a30c60, 4, 0;
    %jmp T_21;
    .thread T_21;
    .scope S_00000127188c55b0;
T_22 ;
    %wait E_0000012718a267a0;
    %load/vec4 v0000012718a31660_0;
    %dup/vec4;
    %pushi/vec4 0, 0, 3;
    %cmp/u;
    %jmp/1 T_22.0, 6;
    %dup/vec4;
    %pushi/vec4 1, 0, 3;
    %cmp/u;
    %jmp/1 T_22.1, 6;
    %dup/vec4;
    %pushi/vec4 2, 0, 3;
    %cmp/u;
    %jmp/1 T_22.2, 6;
    %jmp T_22.3;
T_22.0 ;
    %load/vec4 v0000012718a313e0_0;
    %load/vec4 v0000012718a30da0_0;
    %or;
    %load/vec4 v0000012718a31700_0;
    %nor/r;
    %and;
    %load/vec4 v0000012718a30080_0;
    %nor/r;
    %and;
    %flag_set/vec4 8;
    %jmp/0xz  T_22.4, 8;
    %pushi/vec4 1, 0, 3;
    %store/vec4 v0000012718a315c0_0, 0, 3;
    %jmp T_22.5;
T_22.4 ;
    %load/vec4 v0000012718a313e0_0;
    %load/vec4 v0000012718a30da0_0;
    %or;
    %load/vec4 v0000012718a31700_0;
    %and;
    %load/vec4 v0000012718a30080_0;
    %nor/r;
    %and;
    %flag_set/vec4 8;
    %jmp/0xz  T_22.6, 8;
    %pushi/vec4 2, 0, 3;
    %store/vec4 v0000012718a315c0_0, 0, 3;
    %jmp T_22.7;
T_22.6 ;
    %pushi/vec4 0, 0, 3;
    %store/vec4 v0000012718a315c0_0, 0, 3;
T_22.7 ;
T_22.5 ;
    %jmp T_22.3;
T_22.1 ;
    %load/vec4 v0000012718a31520_0;
    %nor/r;
    %flag_set/vec4 8;
    %jmp/0xz  T_22.8, 8;
    %pushi/vec4 0, 0, 3;
    %store/vec4 v0000012718a315c0_0, 0, 3;
    %jmp T_22.9;
T_22.8 ;
    %pushi/vec4 1, 0, 3;
    %store/vec4 v0000012718a315c0_0, 0, 3;
T_22.9 ;
    %jmp T_22.3;
T_22.2 ;
    %load/vec4 v0000012718a31520_0;
    %nor/r;
    %flag_set/vec4 8;
    %jmp/0xz  T_22.10, 8;
    %pushi/vec4 1, 0, 3;
    %store/vec4 v0000012718a315c0_0, 0, 3;
    %jmp T_22.11;
T_22.10 ;
    %pushi/vec4 2, 0, 3;
    %store/vec4 v0000012718a315c0_0, 0, 3;
T_22.11 ;
    %jmp T_22.3;
T_22.3 ;
    %pop/vec4 1;
    %jmp T_22;
    .thread T_22, $push;
    .scope S_00000127188c55b0;
T_23 ;
    %wait E_0000012718a26760;
    %load/vec4 v0000012718a31660_0;
    %dup/vec4;
    %pushi/vec4 0, 0, 3;
    %cmp/u;
    %jmp/1 T_23.0, 6;
    %dup/vec4;
    %pushi/vec4 1, 0, 3;
    %cmp/u;
    %jmp/1 T_23.1, 6;
    %dup/vec4;
    %pushi/vec4 2, 0, 3;
    %cmp/u;
    %jmp/1 T_23.2, 6;
    %jmp T_23.3;
T_23.0 ;
    %pushi/vec4 0, 0, 1;
    %store/vec4 v0000012718a318e0_0, 0, 1;
    %pushi/vec4 0, 0, 1;
    %store/vec4 v0000012718a308a0_0, 0, 1;
    %pushi/vec4 63, 63, 6;
    %store/vec4 v0000012718a306c0_0, 0, 6;
    %pushi/vec4 4294967295, 4294967295, 32;
    %store/vec4 v0000012718a309e0_0, 0, 32;
    %pushi/vec4 0, 0, 1;
    %store/vec4 v0000012718a30800_0, 0, 1;
    %pushi/vec4 0, 0, 1;
    %store/vec4 v0000012718a31980_0, 0, 1;
    %jmp T_23.3;
T_23.1 ;
    %pushi/vec4 1, 0, 1;
    %store/vec4 v0000012718a318e0_0, 0, 1;
    %pushi/vec4 0, 0, 1;
    %store/vec4 v0000012718a308a0_0, 0, 1;
    %load/vec4 v0000012718a30bc0_0;
    %load/vec4 v0000012718a30620_0;
    %concat/vec4; draw_concat_vec4
    %store/vec4 v0000012718a306c0_0, 0, 6;
    %pushi/vec4 4294967295, 4294967295, 32;
    %store/vec4 v0000012718a309e0_0, 0, 32;
    %pushi/vec4 1, 0, 1;
    %store/vec4 v0000012718a30800_0, 0, 1;
    %pushi/vec4 1, 0, 1;
    %store/vec4 v0000012718a31980_0, 0, 1;
    %jmp T_23.3;
T_23.2 ;
    %pushi/vec4 0, 0, 1;
    %store/vec4 v0000012718a318e0_0, 0, 1;
    %pushi/vec4 1, 0, 1;
    %store/vec4 v0000012718a308a0_0, 0, 1;
    %load/vec4 v0000012718a30120_0;
    %load/vec4 v0000012718a30620_0;
    %concat/vec4; draw_concat_vec4
    %store/vec4 v0000012718a306c0_0, 0, 6;
    %load/vec4 v0000012718a30620_0;
    %pad/u 5;
    %ix/vec4 4;
    %load/vec4a v0000012718a312a0, 4;
    %store/vec4 v0000012718a309e0_0, 0, 32;
    %pushi/vec4 1, 0, 1;
    %store/vec4 v0000012718a30800_0, 0, 1;
    %jmp T_23.3;
T_23.3 ;
    %pop/vec4 1;
    %jmp T_23;
    .thread T_23, $push;
    .scope S_00000127188c55b0;
T_24 ;
    %wait E_0000012718a266e0;
    %load/vec4 v0000012718a30b20_0;
    %flag_set/vec4 8;
    %jmp/0xz  T_24.0, 8;
    %pushi/vec4 0, 0, 3;
    %store/vec4 v0000012718a31660_0, 0, 3;
    %pushi/vec4 0, 0, 8;
    %store/vec4 v0000012718a301c0_0, 0, 8;
    %pushi/vec4 0, 0, 8;
    %store/vec4 v0000012718a31480_0, 0, 8;
    %jmp T_24.1;
T_24.0 ;
    %load/vec4 v0000012718a315c0_0;
    %store/vec4 v0000012718a31660_0, 0, 3;
T_24.1 ;
    %jmp T_24;
    .thread T_24;
    .scope S_00000127188c55b0;
T_25 ;
    %vpi_call 4 252 "$monitor", $time, "\011 Read = %d \011 Write = %d", v0000012718a313e0_0, v0000012718a30da0_0 {0 0 0};
    %end;
    .thread T_25;
    .scope S_0000012718a93100;
T_26 ;
    %wait E_0000012718a27960;
    %load/vec4 v0000012718a97b30_0;
    %flag_set/vec4 8;
    %load/vec4 v0000012718a96910_0;
    %flag_set/vec4 9;
    %flag_or 9, 8;
    %jmp/0 T_26.0, 9;
    %pushi/vec4 1, 0, 2;
    %jmp/1 T_26.1, 9;
T_26.0 ; End of true expr.
    %pushi/vec4 0, 0, 2;
    %jmp/0 T_26.1, 9;
 ; End of false expr.
    %blend;
T_26.1;
    %pad/s 1;
    %store/vec4 v0000012718a98530_0, 0, 1;
    %load/vec4 v0000012718a97b30_0;
    %load/vec4 v0000012718a96910_0;
    %nor/r;
    %and;
    %flag_set/vec4 8;
    %jmp/0 T_26.2, 8;
    %pushi/vec4 1, 0, 2;
    %jmp/1 T_26.3, 8;
T_26.2 ; End of true expr.
    %pushi/vec4 0, 0, 2;
    %jmp/0 T_26.3, 8;
 ; End of false expr.
    %blend;
T_26.3;
    %pad/s 1;
    %store/vec4 v0000012718a97ef0_0, 0, 1;
    %load/vec4 v0000012718a97b30_0;
    %nor/r;
    %load/vec4 v0000012718a96910_0;
    %and;
    %flag_set/vec4 8;
    %jmp/0 T_26.4, 8;
    %pushi/vec4 1, 0, 2;
    %jmp/1 T_26.5, 8;
T_26.4 ; End of true expr.
    %pushi/vec4 0, 0, 2;
    %jmp/0 T_26.5, 8;
 ; End of false expr.
    %blend;
T_26.5;
    %pad/s 1;
    %store/vec4 v0000012718a983f0_0, 0, 1;
    %jmp T_26;
    .thread T_26, $push;
    .scope S_0000012718a93100;
T_27 ;
    %wait E_0000012718a26820;
    %load/vec4 v0000012718a97ef0_0;
    %flag_set/vec4 8;
    %jmp/0xz  T_27.0, 8;
    %load/vec4 v0000012718a96870_0;
    %concati/vec4 0, 0, 2;
    %pad/u 10;
    %ix/vec4 4;
    %load/vec4a v0000012718a96af0, 4;
    %store/vec4 v0000012718a97a90_0, 0, 8;
    %pushi/vec4 3125000000, 0, 57;
    %concati/vec4 0, 0, 7;
    %ix/vec4 4;
    %delayx 4;
    %load/vec4 v0000012718a97a90_0;
    %ix/load 4, 0, 0;
    %flag_set/imm 4, 0;
    %store/vec4 v0000012718a971d0_0, 4, 8;
    %load/vec4 v0000012718a96870_0;
    %concati/vec4 1, 0, 2;
    %pad/u 10;
    %ix/vec4 4;
    %load/vec4a v0000012718a96af0, 4;
    %store/vec4 v0000012718a97d10_0, 0, 8;
    %pushi/vec4 3125000000, 0, 57;
    %concati/vec4 0, 0, 7;
    %ix/vec4 4;
    %delayx 4;
    %load/vec4 v0000012718a97d10_0;
    %ix/load 4, 8, 0;
    %flag_set/imm 4, 0;
    %store/vec4 v0000012718a971d0_0, 4, 8;
    %load/vec4 v0000012718a96870_0;
    %concati/vec4 2, 0, 2;
    %pad/u 10;
    %ix/vec4 4;
    %load/vec4a v0000012718a96af0, 4;
    %store/vec4 v0000012718a96f50_0, 0, 8;
    %pushi/vec4 3125000000, 0, 57;
    %concati/vec4 0, 0, 7;
    %ix/vec4 4;
    %delayx 4;
    %load/vec4 v0000012718a96f50_0;
    %ix/load 4, 16, 0;
    %flag_set/imm 4, 0;
    %store/vec4 v0000012718a971d0_0, 4, 8;
    %load/vec4 v0000012718a96870_0;
    %concati/vec4 3, 0, 2;
    %pad/u 10;
    %ix/vec4 4;
    %load/vec4a v0000012718a96af0, 4;
    %store/vec4 v0000012718a96b90_0, 0, 8;
    %pushi/vec4 3125000000, 0, 57;
    %concati/vec4 0, 0, 7;
    %ix/vec4 4;
    %delayx 4;
    %load/vec4 v0000012718a96b90_0;
    %ix/load 4, 24, 0;
    %flag_set/imm 4, 0;
    %store/vec4 v0000012718a971d0_0, 4, 8;
    %pushi/vec4 0, 0, 1;
    %store/vec4 v0000012718a98530_0, 0, 1;
    %pushi/vec4 0, 0, 1;
    %store/vec4 v0000012718a97ef0_0, 0, 1;
T_27.0 ;
    %load/vec4 v0000012718a983f0_0;
    %flag_set/vec4 8;
    %jmp/0xz  T_27.2, 8;
    %load/vec4 v0000012718a97130_0;
    %parti/s 8, 0, 2;
    %store/vec4 v0000012718a967d0_0, 0, 8;
    %pushi/vec4 3125000000, 0, 57;
    %concati/vec4 0, 0, 7;
    %ix/vec4 4;
    %delayx 4;
    %load/vec4 v0000012718a967d0_0;
    %load/vec4 v0000012718a96870_0;
    %concati/vec4 0, 0, 2;
    %pad/u 10;
    %ix/vec4 4;
    %store/vec4a v0000012718a96af0, 4, 0;
    %load/vec4 v0000012718a97130_0;
    %parti/s 8, 8, 5;
    %store/vec4 v0000012718a982b0_0, 0, 8;
    %pushi/vec4 3125000000, 0, 57;
    %concati/vec4 0, 0, 7;
    %ix/vec4 4;
    %delayx 4;
    %load/vec4 v0000012718a982b0_0;
    %load/vec4 v0000012718a96870_0;
    %concati/vec4 1, 0, 2;
    %pad/u 10;
    %ix/vec4 4;
    %store/vec4a v0000012718a96af0, 4, 0;
    %load/vec4 v0000012718a97130_0;
    %parti/s 8, 16, 6;
    %store/vec4 v0000012718a98210_0, 0, 8;
    %pushi/vec4 3125000000, 0, 57;
    %concati/vec4 0, 0, 7;
    %ix/vec4 4;
    %delayx 4;
    %load/vec4 v0000012718a98210_0;
    %load/vec4 v0000012718a96870_0;
    %concati/vec4 2, 0, 2;
    %pad/u 10;
    %ix/vec4 4;
    %store/vec4a v0000012718a96af0, 4, 0;
    %load/vec4 v0000012718a97130_0;
    %parti/s 8, 24, 6;
    %store/vec4 v0000012718a98670_0, 0, 8;
    %pushi/vec4 3125000000, 0, 57;
    %concati/vec4 0, 0, 7;
    %ix/vec4 4;
    %delayx 4;
    %load/vec4 v0000012718a98670_0;
    %load/vec4 v0000012718a96870_0;
    %concati/vec4 3, 0, 2;
    %pad/u 10;
    %ix/vec4 4;
    %store/vec4a v0000012718a96af0, 4, 0;
    %pushi/vec4 0, 0, 1;
    %store/vec4 v0000012718a98530_0, 0, 1;
    %pushi/vec4 0, 0, 1;
    %store/vec4 v0000012718a983f0_0, 0, 1;
T_27.2 ;
    %jmp T_27;
    .thread T_27;
    .scope S_0000012718a93100;
T_28 ;
    %wait E_0000012718a271a0;
    %load/vec4 v0000012718a97bd0_0;
    %flag_set/vec4 8;
    %jmp/0xz  T_28.0, 8;
    %pushi/vec4 0, 0, 32;
    %store/vec4 v0000012718a97630_0, 0, 32;
T_28.2 ;
    %load/vec4 v0000012718a97630_0;
    %cmpi/s 256, 0, 32;
    %jmp/0xz T_28.3, 5;
    %pushi/vec4 0, 0, 8;
    %ix/getv/s 4, v0000012718a97630_0;
    %store/vec4a v0000012718a96af0, 4, 0;
    %load/vec4 v0000012718a97630_0;
    %addi 1, 0, 32;
    %store/vec4 v0000012718a97630_0, 0, 32;
    %jmp T_28.2;
T_28.3 ;
    %pushi/vec4 0, 0, 1;
    %store/vec4 v0000012718a98530_0, 0, 1;
    %pushi/vec4 0, 0, 1;
    %store/vec4 v0000012718a97ef0_0, 0, 1;
    %pushi/vec4 0, 0, 1;
    %store/vec4 v0000012718a983f0_0, 0, 1;
T_28.0 ;
    %jmp T_28;
    .thread T_28;
    .scope S_00000127188c5420;
T_29 ;
    %vpi_call 3 52 "$readmemb", "instr_mem.mem", v0000012718a9c370 {0 0 0};
    %end;
    .thread T_29;
    .scope S_00000127188c5420;
T_30 ;
    %vpi_call 3 71 "$dumpfile", "cpu_wavedata.vcd" {0 0 0};
    %vpi_call 3 72 "$dumpvars", 32'sb00000000000000000000000000000000, S_00000127188c5420 {0 0 0};
    %pushi/vec4 0, 0, 1;
    %store/vec4 v0000012718a97db0_0, 0, 1;
    %pushi/vec4 0, 0, 1;
    %store/vec4 v0000012718a969b0_0, 0, 1;
    %pushi/vec4 1, 0, 1;
    %store/vec4 v0000012718a969b0_0, 0, 1;
    %delay 50, 0;
    %pushi/vec4 0, 0, 1;
    %store/vec4 v0000012718a969b0_0, 0, 1;
    %delay 4000, 0;
    %vpi_call 3 84 "$finish" {0 0 0};
    %end;
    .thread T_30;
    .scope S_00000127188c5420;
T_31 ;
    %delay 40, 0;
    %load/vec4 v0000012718a97db0_0;
    %inv;
    %store/vec4 v0000012718a97db0_0, 0, 1;
    %jmp T_31;
    .thread T_31;
# The file index is used to find the file name in the following table.
:file_names 8;
    "N/A";
    "<interactive>";
    "./CPU.v";
    "cpu_tb.v";
    "./dcacheFSM_skeleton.v";
    "./ALU.v";
    "./REGFILE.v";
    "./dmem_for_dcache.v";
